#
# A fatal error has been detected by the Java Runtime Environment:
#
#  SIGBUS (0xa) at pc=0x000000010a2994f0, pid=6983, tid=36619
#
# JRE version: OpenJDK Runtime Environment Homebrew (17.0) (build 17+0)
# Java VM: OpenJDK 64-Bit Server VM Homebrew (17+0, mixed mode, sharing, tiered, compressed oops, compressed class ptrs, g1 gc, bsd-aarch64)
# Problematic frame:
# v  ~StubRoutines::SafeFetchN
#
# No core dump will be written. Core dumps have been disabled. To enable core dumping, try "ulimit -c unlimited" before starting Java again
#
# If you would like to submit a bug report, please visit:
#   https://github.com/Homebrew/homebrew-core/issues
# The crash happened outside the Java Virtual Machine in native code.
# See problematic frame for where to report the bug.
#

---------------  S U M M A R Y ------------

Command Line: -javaagent:/Applications/IntelliJ IDEA.app/Contents/lib/idea_rt.jar=57022:/Applications/IntelliJ IDEA.app/Contents/bin -Dfile.encoding=UTF-8 --module-path=/Users/finnkiesinger/.m2/repository/org/openjfx/javafx-graphics/17.0.1/javafx-graphics-17.0.1-mac-aarch64.jar:/Users/finnkiesinger/blokus-client/target/classes:/Users/finnkiesinger/.m2/repository/org/openjfx/javafx-controls/17.0.1/javafx-controls-17.0.1-mac-aarch64.jar:/Users/finnkiesinger/.m2/repository/org/openjfx/javafx-fxml/17.0.1/javafx-fxml-17.0.1-mac-aarch64.jar:/Users/finnkiesinger/.m2/repository/org/openjfx/javafx-base/17.0.1/javafx-base-17.0.1-mac-aarch64.jar -Djdk.module.main=com.blokusgang.anybloksclient com.blokusgang.anybloksclient/com.blokusgang.anybloksclient.AnybloksApplication

Host: "MacBookPro17,1" arm64 1 MHz, 8 cores, 16G, Darwin 21.2.0, macOS 12.1 (21C52)
Time: Sun Feb 20 23:22:33 2022 CET elapsed time: 7.437279 seconds (0d 0h 0m 7s)

---------------  T H R E A D  ---------------

Current thread (0x00000001360a4e00):  JavaThread "InvokeLaterDispatcher" daemon [_thread_in_native, id=36619, stack(0x0000000171e6c000,0x000000017206f000)]

Stack: [0x0000000171e6c000,0x000000017206f000],  sp=0x000000017206e790,  free space=2057k
Native frames: (J=compiled Java code, j=interpreted, Vv=VM code, C=native code)
v  ~StubRoutines::SafeFetchN
V  [libjvm.dylib+0x6088b4]  _ZN10OopStorage7releaseEPKP7oopDesc+0x20
V  [libjvm.dylib+0x3c51ec]  jni_DeleteGlobalRef+0x88
C  [libglass.dylib+0xab08]  -[GlassRunnable dealloc]+0x34
C  [Foundation+0x84c7c]  -[_NSThreadPerformInfo dealloc]+0x30
C  [Foundation+0x51578]  -[NSObject(NSThreadPerformAdditions) performSelectorOnMainThread:withObject:waitUntilDone:]+0x88
C  0x5128000111e1fdcc
J 2165 c1 com.sun.glass.ui.mac.MacApplication.submitForLaterInvocation(Ljava/lang/Runnable;)V javafx.graphics (6 bytes) @ 0x000000010ac0b9d8 [0x000000010ac0b940+0x0000000000000098]
C  0x000000070e82ac60

Java frames: (J=compiled Java code, j=interpreted, Vv=VM code)
J 2222  com.sun.glass.ui.mac.MacApplication._submitForLaterInvocation(Ljava/lang/Runnable;)V javafx.graphics (0 bytes) @ 0x0000000111e1fdcc [0x0000000111e1fd40+0x000000000000008c]
J 2165 c1 com.sun.glass.ui.mac.MacApplication.submitForLaterInvocation(Ljava/lang/Runnable;)V javafx.graphics (6 bytes) @ 0x000000010ac0b9d8 [0x000000010ac0b940+0x0000000000000098]
j  com.sun.glass.ui.InvokeLaterDispatcher.run()V+82 javafx.graphics
v  ~StubRoutines::call_stub

siginfo: si_signo: 10 (SIGBUS), si_code: 1 (BUS_ADRALN), si_addr: 0x000000010a2994f0

Register to memory mapping:

 x0=0x0000000101805348 is a global jni handle
 x1=0x0 is NULL
 x2=0x000000070e5fac48 is an oop: com.sun.glass.ui.InvokeLaterDispatcher$Future 
{0x000000070e5fac48} - klass: 'com/sun/glass/ui/InvokeLaterDispatcher$Future'
 - ---- fields (total size 3 words):
 - private 'done' 'Z' @12  true
 - private final 'runnable' 'Ljava/lang/Runnable;' @16  a 'com/sun/javafx/tk/quantum/QuantumToolkit$$Lambda$85+0x0000000800c39460'{0x000000070e936c10} (e1d26d82)
 - final synthetic 'this$0' 'Lcom/sun/glass/ui/InvokeLaterDispatcher;' @20  a 'com/sun/glass/ui/InvokeLaterDispatcher'{0x000000070e82ac60} (e1d0558c)
 x3=0x0 is NULL
 x4=0x00000000000130a8 is an unknown value
 x5=0x0 is NULL
 x6=0x0 is NULL
 x7=0x0 is NULL
 x8=0x000000010a2994ec is at begin+0 in a stub
StubRoutines::SafeFetchN [0x000000010a2994ec, 0x000000010a2994f8] (12 bytes)
 x9=0x0 is NULL
x10=0x2010000030300000 is an unknown value
x11=0x0000000000000007 is an unknown value
x12=0x0 is NULL
x13=0x00006000035c0b70 points into unknown readable memory: 0x6e69770000000001 | 01 00 00 00 00 77 69 6e
x14=0x0000000000000001 is an unknown value
x15=0x0000000124561f98: OBJC_CLASS_$_GlassRunnable+0 in /Users/finnkiesinger/.openjfx/cache/17.0.1/libglass.dylib at 0x000000012451c000
x16=0x0000000190aa8094: pthread_getspecific+0 in /usr/lib/system/libsystem_pthread.dylib at 0x0000000190aa6000
x17=0x0000600003fd93e0 points into unknown readable memory: 0xfffffffffffffffe | fe ff ff ff ff ff ff ff
x18=0x0 is NULL
x19=0x00006000030dc070 points into unknown readable memory: 0x00006000019d8130 | 30 81 9d 01 00 60 00 00
x20=0x0000000101805348 is a global jni handle
x21=0x00000001360a4e00 is a thread
x22=0x0000000000000001 is an unknown value
x23=0x0 is NULL
x24=0x0000000101805300 is a global jni handle
x25=0x0000000102457a18: _ZN12StubRoutines17_safefetchN_entryE+0 in /opt/homebrew/Cellar/openjdk/17/libexec/openjdk.jdk/Contents/Home/lib/server/libjvm.dylib at 0x0000000101a4c000
x26=0x0000000000000001 is an unknown value
x27=0x0 is NULL
x28=0x00000001360a4e00 is a thread


Registers:
 x0=0x0000000101805348  x1=0x0000000000000000  x2=0x000000070e5fac48  x3=0x0000000000000000
 x4=0x00000000000130a8  x5=0x0000000000000000  x6=0x0000000000000000  x7=0x0000000000000000
 x8=0x000000010a2994ec  x9=0x0000000000000000 x10=0x2010000030300000 x11=0x0000000000000007
x12=0x0000000000000000 x13=0x00006000035c0b70 x14=0x0000000000000001 x15=0x0000000124561f98
x16=0x0000000190aa8094 x17=0x0000600003fd93e0 x18=0x0000000000000000 x19=0x00006000030dc070
x20=0x0000000101805348 x21=0x00000001360a4e00 x22=0x0000000000000001 x23=0x0000000000000000
x24=0x0000000101805300 x25=0x0000000102457a18 x26=0x0000000000000001 x27=0x0000000000000000
x28=0x00000001360a4e00  fp=0x000000017206e7d0  lr=0x0000000102053c9c  sp=0x000000017206e790
pc=0x000000010a2994f0 cpsr=0x0000000060001000
Top of Stack: (sp=0x000000017206e790)
0x000000017206e790:   000000012551a900 000000017206ede0
0x000000017206e7a0:   0000000800c2b8a0 00006000019e5b80
0x000000017206e7b0:   0000000135856ea8 0000000101805338
0x000000017206e7c0:   0000000101805338 00006000030dc070
0x000000017206e7d0:   000000017206e810 00000001020548b4
0x000000017206e7e0:   0000000000000001 0000000101805338
0x000000017206e7f0:   0000000135856ea8 0000000101805338
0x000000017206e800:   0000000000000001 0000000135856c00
0x000000017206e810:   000000017206e850 0000000101e111ec
0x000000017206e820:   0000000135856c00 00006000019e5b88
0x000000017206e830:   00006000019e5b60 00000001dafd8474
0x000000017206e840:   0000000000000000 00006000019e5b60
0x000000017206e850:   000000017206e880 0000000124526b08
0x000000017206e860:   edcd1f6f92b00011 0000000000000000
0x000000017206e870:   0000000000000000 0000600000eb20c0
0x000000017206e880:   000000017206e8c0 0000000191a6cc7c
0x000000017206e890:   0000000800c2b8a0 00006000019e5b80
0x000000017206e8a0:   00006000019e5b60 edcd1f6f92b00011
0x000000017206e8b0:   0000000000000000 0000000000000000
0x000000017206e8c0:   000000017206e900 7546800191a39578
0x000000017206e8d0:   0000000800c2b8a0 000000010a2a07c0
0x000000017206e8e0:   000000012551a33a 000000010245f3d0
0x000000017206e8f0:   000000017206e9e0 00000000000000b9
0x000000017206e900:   000000017206e960 5128000111e1fdcc
0x000000017206e910:   000000070e934d30 000000070e5fac48
0x000000017206e920:   000000017206ea88 0000000190ab4530
0x000000017206e930:   00000001360a4e00 000000010243c130
0x000000017206e940:   000000017206e9f0 0000000000000001
0x000000017206e950:   000000017206e990 000000070e6cfe38
0x000000017206e960:   000000017206ea50 000000010ac0b9d8
0x000000017206e970:   000000070e5fac48 000000070e936c10
0x000000017206e980:   000000017206e9e8 00000000000000b6 

Instructions: (pc=0x000000010a2994f0)
0x000000010a2993f0:   f2a04849 f2c00029 6d425935 1e640886
0x000000010a299400:   0c402d31 1e6408c7 1f5654d0 1e6c1017
0x000000010a299410:   1f5050d0 1f504cd0 1f5048d0 1e650af6
0x000000010a299420:   1f50d8f6 1f5694d6 1f5158f6 1e762880
0x000000010a299430:   36000501 1e614000 14000026 2e251ca5
0x000000010a299440:   d2883009 f2a04849 f2c00029 6d425d36
0x000000010a299450:   1e600806 0c402d32 1f5758c7 1e6c101a
0x000000010a299460:   1f4754c7 1e650805 1f4750c7 d2866668
0x000000010a299470:   f2a7fa68 1f474cc7 1e6608c0 1f4748c7
0x000000010a299480:   1e6e1019 eb08007f 540000ac 1f479400
0x000000010a299490:   1f460340 1e603b20 1400000e d2a7fd29
0x000000010a2994a0:   eb09007f 540000ac 51480069 d3607d29
0x000000010a2994b0:   9e670121 14000002 1e6a5001 1f679417
0x000000010a2994c0:   1f668742 1e613b23 1e773857 1e773860
0x000000010a2994d0:   a8c17ff3 910003bf a8c17bfd d65f03c0
0x000000010a2994e0:   b9400001 aa0103e0 d65f03c0 f9400001
0x000000010a2994f0:   aa0103e0 d65f03c0 00000000 00000000
0x000000010a299500:   00000000 00000000 00000000 00000000
0x000000010a299510:   00000000 00000000 00000000 00000000
0x000000010a299520:   00000000 00000000 00000000 00000000
0x000000010a299530:   00000000 00000000 00000000 00000000
0x000000010a299540:   00000000 00000000 00000000 00000000
0x000000010a299550:   00000000 00000000 00000000 00000000
0x000000010a299560:   00000000 00000000 00000000 00000000
0x000000010a299570:   00000000 00000000 00000000 00000000
0x000000010a299580:   00000000 00000000 00000000 00000000
0x000000010a299590:   00000000 00000000 00000000 00000000
0x000000010a2995a0:   00000000 00000000 00000000 00000000
0x000000010a2995b0:   00000000 00000000 00000000 00000000
0x000000010a2995c0:   00000000 00000000 00000000 00000000
0x000000010a2995d0:   00000000 00000000 00000000 00000000
0x000000010a2995e0:   00000000 00000000 00000000 00000000 


Stack slot to memory mapping:
stack at sp + 0 slots: 0x000000012551a900 is pointing into metadata
stack at sp + 1 slots: 0x000000017206ede0 is pointing into the stack for thread: 0x00000001360a4e00
stack at sp + 2 slots: 0x0000000800c2b8a0 is a pointer to class: 
com.sun.glass.ui.mac.MacApplication {0x0000000800c2b8a0}
 - instance size:     5
 - klass size:        136
 - access:            final synchronized 
 - state:             fully_initialized
 - name:              'com/sun/glass/ui/mac/MacApplication'
 - super:             'com/sun/glass/ui/Application'
 - sub:               
 - arrays:            NULL
 - methods:           Array<T>(0x00000001254f5890)
 - method ordering:   Array<T>(0x000000080091a9f8)
 - default_methods:   Array<T>(0x0000000000000000)
 - local interfaces:  Array<T>(0x00000001254effd8)
 - trans. interfaces: Array<T>(0x00000001254effd8)
 - constants:         constant pool [548]/operands[69] {0x00000001254f43c8} for 'com/sun/glass/ui/mac/MacApplication' cache=0x0000000125518298
 - class loader data:  loader data: 0x0000600002ac0140 for instance a 'jdk/internal/loader/ClassLoaders$AppClassLoader'{0x000000070e82af28}
 - source file:       'MacApplication.java'
 - class annotations:       Array<T>(0x0000000000000000)
 - class type annotations:  Array<T>(0x0000000000000000)
 - field annotations:       Array<T>(0x0000000000000000)
 - field type annotations:  Array<T>(0x0000000000000000)
 - inner classes:     Array<T>(0x00000001254f2788)
 - nest members:     Array<T>(0x00000001254f27e0)
 - permitted subclasses:     Array<T>(0x00000008005beec8)
 - java mirror:       a 'java/lang/Class'{0x000000070e858390} = 'com/sun/glass/ui/mac/MacApplication'
 - vtable length      72  (start addr: 0x0000000800c2ba70)
 - itable length      5 (start addr: 0x0000000800c2bcb0)
 - ---- static fields (1 words):
 - static final 'BROWSER_PARENT_ID' 'J' @112 
 - ---- non-static fields (7 words):
 - private 'initialActiveEventReceived' 'Z' @12 
 - private 'terminateWhenLastWindowClosed' 'Z' @13 
 - protected 'name' 'Ljava/lang/String;' @16 
 - private 'eventHandler' 'Lcom/sun/glass/ui/Application$EventHandler;' @20 
 - private 'initialOpenedFiles' '[Ljava/lang/String;' @24 
 - private 'isTaskbarApplication' 'Z' @14 
 - private 'firstDidResignActive' 'Z' @15 
 - private final 'invokeLaterDispatcher' 'Lcom/sun/glass/ui/InvokeLaterDispatcher;' @28 
 - private 'appleMenu' 'Lcom/sun/glass/ui/Menu;' @32 
 - private final 'reactivationLatch' 'Ljava/util/concurrent/CountDownLatch;' @36 
 - non-static oop maps: 16-36 
stack at sp + 3 slots: 0x00006000019e5b80 points into unknown readable memory: 0x01000001e9b5e081 | 81 e0 b5 e9 01 00 00 01
stack at sp + 4 slots: 0x0000000135856ea8 points into unknown readable memory: 0x0000000102412918 | 18 29 41 02 01 00 00 00
stack at sp + 5 slots: 0x0000000101805338 is a global jni handle
stack at sp + 6 slots: 0x0000000101805338 is a global jni handle
stack at sp + 7 slots: 0x00006000030dc070 points into unknown readable memory: 0x00006000019d8130 | 30 81 9d 01 00 60 00 00

StubRoutines::SafeFetchN [0x000000010a2994ec, 0x000000010a2994f8] (12 bytes)
[MachCode]
  0x000000010a2994ec: 0100 40f9 | e003 01aa | c003 5fd6 
[/MachCode]

---------------  P R O C E S S  ---------------

Threads class SMR info:
_java_thread_list=0x0000600001b08e20, length=20, elements={
0x000000013380da00, 0x0000000136090e00, 0x0000000125808200, 0x0000000124829a00,
0x0000000135009000, 0x000000013500b800, 0x000000013500be00, 0x0000000135808200,
0x000000012482a000, 0x0000000136092400, 0x0000000133834600, 0x0000000126008200,
0x0000000124826e00, 0x00000001360a4e00, 0x0000000135856c00, 0x0000000134285400,
0x00000001342c2c00, 0x000000013388c600, 0x00000001248ab200, 0x0000000136178800
}

Java Threads: ( => current thread )
  0x000000013380da00 JavaThread "main" [_thread_blocked, id=9987, stack(0x000000016f464000,0x000000016f667000)]
  0x0000000136090e00 JavaThread "Reference Handler" daemon [_thread_blocked, id=15619, stack(0x00000001702b8000,0x00000001704bb000)]
  0x0000000125808200 JavaThread "Finalizer" daemon [_thread_blocked, id=15875, stack(0x00000001704c4000,0x00000001706c7000)]
  0x0000000124829a00 JavaThread "Signal Dispatcher" daemon [_thread_blocked, id=22787, stack(0x00000001707e8000,0x00000001709eb000)]
  0x0000000135009000 JavaThread "Service Thread" daemon [_thread_blocked, id=41987, stack(0x00000001709f4000,0x0000000170bf7000)]
  0x000000013500b800 JavaThread "Monitor Deflation Thread" daemon [_thread_blocked, id=23299, stack(0x0000000170c00000,0x0000000170e03000)]
  0x000000013500be00 JavaThread "C2 CompilerThread0" daemon [_thread_blocked, id=23811, stack(0x0000000170e0c000,0x000000017100f000)]
  0x0000000135808200 JavaThread "C1 CompilerThread0" daemon [_thread_blocked, id=41731, stack(0x0000000171018000,0x000000017121b000)]
  0x000000012482a000 JavaThread "Sweeper thread" daemon [_thread_blocked, id=24579, stack(0x0000000171224000,0x0000000171427000)]
  0x0000000136092400 JavaThread "Common-Cleaner" daemon [_thread_blocked, id=24835, stack(0x0000000171430000,0x0000000171633000)]
  0x0000000133834600 JavaThread "Monitor Ctrl-Break" daemon [_thread_in_native, id=40963, stack(0x000000017163c000,0x000000017183f000)]
  0x0000000126008200 JavaThread "Notification Thread" daemon [_thread_blocked, id=25347, stack(0x0000000171848000,0x0000000171a4b000)]
  0x0000000124826e00 JavaThread "QuantumRenderer-0" daemon [_thread_blocked, id=40195, stack(0x0000000171c60000,0x0000000171e63000)]
=>0x00000001360a4e00 JavaThread "InvokeLaterDispatcher" daemon [_thread_in_native, id=36619, stack(0x0000000171e6c000,0x000000017206f000)]
  0x0000000135856c00 JavaThread "JavaFX Application Thread" [_thread_in_native, id=259, stack(0x000000016ebdc000,0x000000016f3d8000)]
  0x0000000134285400 JavaThread "JavaFX-Launcher" [_thread_blocked, id=59139, stack(0x00000001724b4000,0x00000001726b7000)]
  0x00000001342c2c00 JavaThread "PulseTimer-CVDisplayLink thread" daemon [_thread_in_native, id=61287, stack(0x0000000172190000,0x0000000172213000)]
  0x000000013388c600 JavaThread "Prism Font Disposer" daemon [_thread_blocked, id=72199, stack(0x0000000177938000,0x0000000177b3b000)]
  0x00000001248ab200 JavaThread "Cleaner-0" daemon [_thread_blocked, id=66875, stack(0x0000000177b44000,0x0000000177d47000)]
  0x0000000136178800 JavaThread "Attach Listener" daemon [_thread_blocked, id=1299, stack(0x0000000177d50000,0x0000000177f53000)]

Other Threads:
  0x0000000101907420 VMThread "VM Thread" [stack: 0x00000001700ac000,0x00000001702af000] [id=15363]
  0x0000000101909070 WatcherThread [stack: 0x0000000171a54000,0x0000000171c57000] [id=40707]
  0x0000000134a05aa0 GCTaskThread "GC Thread#0" [stack: 0x000000016f670000,0x000000016f873000] [id=13059]
  0x000000013490bba0 GCTaskThread "GC Thread#1" [stack: 0x00000001726c0000,0x00000001728c3000] [id=59403]
  0x000000013480ae80 GCTaskThread "GC Thread#2" [stack: 0x00000001728cc000,0x0000000172acf000] [id=59651]
  0x000000013490c430 GCTaskThread "GC Thread#3" [stack: 0x0000000172ad8000,0x0000000172cdb000] [id=60163]
  0x0000000101807f00 GCTaskThread "GC Thread#4" [stack: 0x0000000172ce4000,0x0000000172ee7000] [id=60419]
  0x0000000101808380 GCTaskThread "GC Thread#5" [stack: 0x0000000172ef0000,0x00000001730f3000] [id=60675]
  0x00000001348043d0 ConcurrentGCThread "G1 Main Marker" [stack: 0x000000016f87c000,0x000000016fa7f000] [id=13315]
  0x0000000134904240 ConcurrentGCThread "G1 Conc#0" [stack: 0x000000016fa88000,0x000000016fc8b000] [id=13571]
  0x0000000134a05f20 ConcurrentGCThread "G1 Refine#0" [stack: 0x000000016fc94000,0x000000016fe97000] [id=19203]
  0x0000000133606640 ConcurrentGCThread "G1 Service" [stack: 0x000000016fea0000,0x00000001700a3000] [id=18947]

Threads with active compile tasks:

VM state: not at safepoint (normal execution)

VM Mutex/Monitor currently owned by a thread: None

Heap address: 0x0000000700000000, size: 4096 MB, Compressed Oops mode: Zero based, Oop shift amount: 3

CDS archive(s) mapped at: [0x0000000800000000-0x0000000800bd0000-0x0000000800bd0000), size 12386304, SharedBaseAddress: 0x0000000800000000, ArchiveRelocationMode: 0.
Compressed class space mapped at: 0x0000000800c00000-0x0000000840c00000, reserved size: 1073741824
Narrow klass base: 0x0000000800000000, Narrow klass shift: 0, Narrow klass range: 0x100000000

GC Precious Log:
 CPUs: 8 total, 8 available
 Memory: 16384M
 Large Page Support: Disabled
 NUMA Support: Disabled
 Compressed Oops: Enabled (Zero based)
 Heap Region Size: 2M
 Heap Min Capacity: 8M
 Heap Initial Capacity: 256M
 Heap Max Capacity: 4G
 Pre-touch: Disabled
 Parallel Workers: 8
 Concurrent Workers: 2
 Concurrent Refinement Workers: 8
 Periodic GC: Disabled

Heap:
 garbage-first heap   total 266240K, used 38074K [0x0000000700000000, 0x0000000800000000)
  region size 2048K, 18 young (36864K), 2 survivors (4096K)
 Metaspace       used 14694K, committed 14912K, reserved 1064960K
  class space    used 2127K, committed 2240K, reserved 1048576K

Heap Regions: E=young(eden), S=young(survivor), O=old, HS=humongous(starts), HC=humongous(continues), CS=collection set, F=free, OA=open archive, CA=closed archive, TAMS=top-at-mark-start (previous, next)
|   0|0x0000000700000000, 0x0000000700200000, 0x0000000700200000|100%|HS|  |TAMS 0x0000000700000000, 0x0000000700000000| Complete 
|   1|0x0000000700200000, 0x0000000700200000, 0x0000000700400000|  0%| F|  |TAMS 0x0000000700200000, 0x0000000700200000| Untracked 
|   2|0x0000000700400000, 0x0000000700400000, 0x0000000700600000|  0%| F|  |TAMS 0x0000000700400000, 0x0000000700400000| Untracked 
|   3|0x0000000700600000, 0x0000000700600000, 0x0000000700800000|  0%| F|  |TAMS 0x0000000700600000, 0x0000000700600000| Untracked 
|   4|0x0000000700800000, 0x0000000700800000, 0x0000000700a00000|  0%| F|  |TAMS 0x0000000700800000, 0x0000000700800000| Untracked 
|   5|0x0000000700a00000, 0x0000000700a00000, 0x0000000700c00000|  0%| F|  |TAMS 0x0000000700a00000, 0x0000000700a00000| Untracked 
|   6|0x0000000700c00000, 0x0000000700c00000, 0x0000000700e00000|  0%| F|  |TAMS 0x0000000700c00000, 0x0000000700c00000| Untracked 
|   7|0x0000000700e00000, 0x0000000700e00000, 0x0000000701000000|  0%| F|  |TAMS 0x0000000700e00000, 0x0000000700e00000| Untracked 
|   8|0x0000000701000000, 0x0000000701000000, 0x0000000701200000|  0%| F|  |TAMS 0x0000000701000000, 0x0000000701000000| Untracked 
|   9|0x0000000701200000, 0x0000000701200000, 0x0000000701400000|  0%| F|  |TAMS 0x0000000701200000, 0x0000000701200000| Untracked 
|  10|0x0000000701400000, 0x0000000701400000, 0x0000000701600000|  0%| F|  |TAMS 0x0000000701400000, 0x0000000701400000| Untracked 
|  11|0x0000000701600000, 0x0000000701600000, 0x0000000701800000|  0%| F|  |TAMS 0x0000000701600000, 0x0000000701600000| Untracked 
|  12|0x0000000701800000, 0x0000000701800000, 0x0000000701a00000|  0%| F|  |TAMS 0x0000000701800000, 0x0000000701800000| Untracked 
|  13|0x0000000701a00000, 0x0000000701a00000, 0x0000000701c00000|  0%| F|  |TAMS 0x0000000701a00000, 0x0000000701a00000| Untracked 
|  14|0x0000000701c00000, 0x0000000701c00000, 0x0000000701e00000|  0%| F|  |TAMS 0x0000000701c00000, 0x0000000701c00000| Untracked 
|  15|0x0000000701e00000, 0x0000000701e00000, 0x0000000702000000|  0%| F|  |TAMS 0x0000000701e00000, 0x0000000701e00000| Untracked 
|  16|0x0000000702000000, 0x0000000702000000, 0x0000000702200000|  0%| F|  |TAMS 0x0000000702000000, 0x0000000702000000| Untracked 
|  17|0x0000000702200000, 0x0000000702200000, 0x0000000702400000|  0%| F|  |TAMS 0x0000000702200000, 0x0000000702200000| Untracked 
|  18|0x0000000702400000, 0x0000000702400000, 0x0000000702600000|  0%| F|  |TAMS 0x0000000702400000, 0x0000000702400000| Untracked 
|  19|0x0000000702600000, 0x0000000702600000, 0x0000000702800000|  0%| F|  |TAMS 0x0000000702600000, 0x0000000702600000| Untracked 
|  20|0x0000000702800000, 0x0000000702800000, 0x0000000702a00000|  0%| F|  |TAMS 0x0000000702800000, 0x0000000702800000| Untracked 
|  21|0x0000000702a00000, 0x0000000702a00000, 0x0000000702c00000|  0%| F|  |TAMS 0x0000000702a00000, 0x0000000702a00000| Untracked 
|  22|0x0000000702c00000, 0x0000000702c00000, 0x0000000702e00000|  0%| F|  |TAMS 0x0000000702c00000, 0x0000000702c00000| Untracked 
|  23|0x0000000702e00000, 0x0000000702e00000, 0x0000000703000000|  0%| F|  |TAMS 0x0000000702e00000, 0x0000000702e00000| Untracked 
|  24|0x0000000703000000, 0x0000000703000000, 0x0000000703200000|  0%| F|  |TAMS 0x0000000703000000, 0x0000000703000000| Untracked 
|  25|0x0000000703200000, 0x0000000703200000, 0x0000000703400000|  0%| F|  |TAMS 0x0000000703200000, 0x0000000703200000| Untracked 
|  26|0x0000000703400000, 0x0000000703400000, 0x0000000703600000|  0%| F|  |TAMS 0x0000000703400000, 0x0000000703400000| Untracked 
|  27|0x0000000703600000, 0x0000000703600000, 0x0000000703800000|  0%| F|  |TAMS 0x0000000703600000, 0x0000000703600000| Untracked 
|  28|0x0000000703800000, 0x0000000703800000, 0x0000000703a00000|  0%| F|  |TAMS 0x0000000703800000, 0x0000000703800000| Untracked 
|  29|0x0000000703a00000, 0x0000000703a00000, 0x0000000703c00000|  0%| F|  |TAMS 0x0000000703a00000, 0x0000000703a00000| Untracked 
|  30|0x0000000703c00000, 0x0000000703c00000, 0x0000000703e00000|  0%| F|  |TAMS 0x0000000703c00000, 0x0000000703c00000| Untracked 
|  31|0x0000000703e00000, 0x0000000703e00000, 0x0000000704000000|  0%| F|  |TAMS 0x0000000703e00000, 0x0000000703e00000| Untracked 
|  32|0x0000000704000000, 0x0000000704000000, 0x0000000704200000|  0%| F|  |TAMS 0x0000000704000000, 0x0000000704000000| Untracked 
|  33|0x0000000704200000, 0x0000000704200000, 0x0000000704400000|  0%| F|  |TAMS 0x0000000704200000, 0x0000000704200000| Untracked 
|  34|0x0000000704400000, 0x0000000704400000, 0x0000000704600000|  0%| F|  |TAMS 0x0000000704400000, 0x0000000704400000| Untracked 
|  35|0x0000000704600000, 0x0000000704600000, 0x0000000704800000|  0%| F|  |TAMS 0x0000000704600000, 0x0000000704600000| Untracked 
|  36|0x0000000704800000, 0x0000000704800000, 0x0000000704a00000|  0%| F|  |TAMS 0x0000000704800000, 0x0000000704800000| Untracked 
|  37|0x0000000704a00000, 0x0000000704a00000, 0x0000000704c00000|  0%| F|  |TAMS 0x0000000704a00000, 0x0000000704a00000| Untracked 
|  38|0x0000000704c00000, 0x0000000704c00000, 0x0000000704e00000|  0%| F|  |TAMS 0x0000000704c00000, 0x0000000704c00000| Untracked 
|  39|0x0000000704e00000, 0x0000000704e00000, 0x0000000705000000|  0%| F|  |TAMS 0x0000000704e00000, 0x0000000704e00000| Untracked 
|  40|0x0000000705000000, 0x0000000705000000, 0x0000000705200000|  0%| F|  |TAMS 0x0000000705000000, 0x0000000705000000| Untracked 
|  41|0x0000000705200000, 0x0000000705200000, 0x0000000705400000|  0%| F|  |TAMS 0x0000000705200000, 0x0000000705200000| Untracked 
|  42|0x0000000705400000, 0x0000000705400000, 0x0000000705600000|  0%| F|  |TAMS 0x0000000705400000, 0x0000000705400000| Untracked 
|  43|0x0000000705600000, 0x0000000705600000, 0x0000000705800000|  0%| F|  |TAMS 0x0000000705600000, 0x0000000705600000| Untracked 
|  44|0x0000000705800000, 0x0000000705800000, 0x0000000705a00000|  0%| F|  |TAMS 0x0000000705800000, 0x0000000705800000| Untracked 
|  45|0x0000000705a00000, 0x0000000705a00000, 0x0000000705c00000|  0%| F|  |TAMS 0x0000000705a00000, 0x0000000705a00000| Untracked 
|  46|0x0000000705c00000, 0x0000000705c00000, 0x0000000705e00000|  0%| F|  |TAMS 0x0000000705c00000, 0x0000000705c00000| Untracked 
|  47|0x0000000705e00000, 0x0000000705e00000, 0x0000000706000000|  0%| F|  |TAMS 0x0000000705e00000, 0x0000000705e00000| Untracked 
|  48|0x0000000706000000, 0x0000000706000000, 0x0000000706200000|  0%| F|  |TAMS 0x0000000706000000, 0x0000000706000000| Untracked 
|  49|0x0000000706200000, 0x0000000706200000, 0x0000000706400000|  0%| F|  |TAMS 0x0000000706200000, 0x0000000706200000| Untracked 
|  50|0x0000000706400000, 0x0000000706400000, 0x0000000706600000|  0%| F|  |TAMS 0x0000000706400000, 0x0000000706400000| Untracked 
|  51|0x0000000706600000, 0x0000000706600000, 0x0000000706800000|  0%| F|  |TAMS 0x0000000706600000, 0x0000000706600000| Untracked 
|  52|0x0000000706800000, 0x0000000706800000, 0x0000000706a00000|  0%| F|  |TAMS 0x0000000706800000, 0x0000000706800000| Untracked 
|  53|0x0000000706a00000, 0x0000000706a00000, 0x0000000706c00000|  0%| F|  |TAMS 0x0000000706a00000, 0x0000000706a00000| Untracked 
|  54|0x0000000706c00000, 0x0000000706c00000, 0x0000000706e00000|  0%| F|  |TAMS 0x0000000706c00000, 0x0000000706c00000| Untracked 
|  55|0x0000000706e00000, 0x0000000706e00000, 0x0000000707000000|  0%| F|  |TAMS 0x0000000706e00000, 0x0000000706e00000| Untracked 
|  56|0x0000000707000000, 0x0000000707000000, 0x0000000707200000|  0%| F|  |TAMS 0x0000000707000000, 0x0000000707000000| Untracked 
|  57|0x0000000707200000, 0x0000000707200000, 0x0000000707400000|  0%| F|  |TAMS 0x0000000707200000, 0x0000000707200000| Untracked 
|  58|0x0000000707400000, 0x0000000707400000, 0x0000000707600000|  0%| F|  |TAMS 0x0000000707400000, 0x0000000707400000| Untracked 
|  59|0x0000000707600000, 0x0000000707600000, 0x0000000707800000|  0%| F|  |TAMS 0x0000000707600000, 0x0000000707600000| Untracked 
|  60|0x0000000707800000, 0x0000000707800000, 0x0000000707a00000|  0%| F|  |TAMS 0x0000000707800000, 0x0000000707800000| Untracked 
|  61|0x0000000707a00000, 0x0000000707a00000, 0x0000000707c00000|  0%| F|  |TAMS 0x0000000707a00000, 0x0000000707a00000| Untracked 
|  62|0x0000000707c00000, 0x0000000707c00000, 0x0000000707e00000|  0%| F|  |TAMS 0x0000000707c00000, 0x0000000707c00000| Untracked 
|  63|0x0000000707e00000, 0x0000000707e00000, 0x0000000708000000|  0%| F|  |TAMS 0x0000000707e00000, 0x0000000707e00000| Untracked 
|  64|0x0000000708000000, 0x0000000708000000, 0x0000000708200000|  0%| F|  |TAMS 0x0000000708000000, 0x0000000708000000| Untracked 
|  65|0x0000000708200000, 0x0000000708200000, 0x0000000708400000|  0%| F|  |TAMS 0x0000000708200000, 0x0000000708200000| Untracked 
|  66|0x0000000708400000, 0x0000000708400000, 0x0000000708600000|  0%| F|  |TAMS 0x0000000708400000, 0x0000000708400000| Untracked 
|  67|0x0000000708600000, 0x0000000708600000, 0x0000000708800000|  0%| F|  |TAMS 0x0000000708600000, 0x0000000708600000| Untracked 
|  68|0x0000000708800000, 0x0000000708800000, 0x0000000708a00000|  0%| F|  |TAMS 0x0000000708800000, 0x0000000708800000| Untracked 
|  69|0x0000000708a00000, 0x0000000708a00000, 0x0000000708c00000|  0%| F|  |TAMS 0x0000000708a00000, 0x0000000708a00000| Untracked 
|  70|0x0000000708c00000, 0x0000000708c00000, 0x0000000708e00000|  0%| F|  |TAMS 0x0000000708c00000, 0x0000000708c00000| Untracked 
|  71|0x0000000708e00000, 0x0000000708e00000, 0x0000000709000000|  0%| F|  |TAMS 0x0000000708e00000, 0x0000000708e00000| Untracked 
|  72|0x0000000709000000, 0x0000000709000000, 0x0000000709200000|  0%| F|  |TAMS 0x0000000709000000, 0x0000000709000000| Untracked 
|  73|0x0000000709200000, 0x0000000709200000, 0x0000000709400000|  0%| F|  |TAMS 0x0000000709200000, 0x0000000709200000| Untracked 
|  74|0x0000000709400000, 0x0000000709400000, 0x0000000709600000|  0%| F|  |TAMS 0x0000000709400000, 0x0000000709400000| Untracked 
|  75|0x0000000709600000, 0x0000000709600000, 0x0000000709800000|  0%| F|  |TAMS 0x0000000709600000, 0x0000000709600000| Untracked 
|  76|0x0000000709800000, 0x0000000709800000, 0x0000000709a00000|  0%| F|  |TAMS 0x0000000709800000, 0x0000000709800000| Untracked 
|  77|0x0000000709a00000, 0x0000000709a00000, 0x0000000709c00000|  0%| F|  |TAMS 0x0000000709a00000, 0x0000000709a00000| Untracked 
|  78|0x0000000709c00000, 0x0000000709c00000, 0x0000000709e00000|  0%| F|  |TAMS 0x0000000709c00000, 0x0000000709c00000| Untracked 
|  79|0x0000000709e00000, 0x0000000709e00000, 0x000000070a000000|  0%| F|  |TAMS 0x0000000709e00000, 0x0000000709e00000| Untracked 
|  80|0x000000070a000000, 0x000000070a000000, 0x000000070a200000|  0%| F|  |TAMS 0x000000070a000000, 0x000000070a000000| Untracked 
|  81|0x000000070a200000, 0x000000070a200000, 0x000000070a400000|  0%| F|  |TAMS 0x000000070a200000, 0x000000070a200000| Untracked 
|  82|0x000000070a400000, 0x000000070a400000, 0x000000070a600000|  0%| F|  |TAMS 0x000000070a400000, 0x000000070a400000| Untracked 
|  83|0x000000070a600000, 0x000000070a600000, 0x000000070a800000|  0%| F|  |TAMS 0x000000070a600000, 0x000000070a600000| Untracked 
|  84|0x000000070a800000, 0x000000070a800000, 0x000000070aa00000|  0%| F|  |TAMS 0x000000070a800000, 0x000000070a800000| Untracked 
|  85|0x000000070aa00000, 0x000000070aa00000, 0x000000070ac00000|  0%| F|  |TAMS 0x000000070aa00000, 0x000000070aa00000| Untracked 
|  86|0x000000070ac00000, 0x000000070ac00000, 0x000000070ae00000|  0%| F|  |TAMS 0x000000070ac00000, 0x000000070ac00000| Untracked 
|  87|0x000000070ae00000, 0x000000070ae00000, 0x000000070b000000|  0%| F|  |TAMS 0x000000070ae00000, 0x000000070ae00000| Untracked 
|  88|0x000000070b000000, 0x000000070b000000, 0x000000070b200000|  0%| F|  |TAMS 0x000000070b000000, 0x000000070b000000| Untracked 
|  89|0x000000070b200000, 0x000000070b200000, 0x000000070b400000|  0%| F|  |TAMS 0x000000070b200000, 0x000000070b200000| Untracked 
|  90|0x000000070b400000, 0x000000070b400000, 0x000000070b600000|  0%| F|  |TAMS 0x000000070b400000, 0x000000070b400000| Untracked 
|  91|0x000000070b600000, 0x000000070b600000, 0x000000070b800000|  0%| F|  |TAMS 0x000000070b600000, 0x000000070b600000| Untracked 
|  92|0x000000070b800000, 0x000000070b800000, 0x000000070ba00000|  0%| F|  |TAMS 0x000000070b800000, 0x000000070b800000| Untracked 
|  93|0x000000070ba00000, 0x000000070ba00000, 0x000000070bc00000|  0%| F|  |TAMS 0x000000070ba00000, 0x000000070ba00000| Untracked 
|  94|0x000000070bc00000, 0x000000070bc00000, 0x000000070be00000|  0%| F|  |TAMS 0x000000070bc00000, 0x000000070bc00000| Untracked 
|  95|0x000000070be00000, 0x000000070be00000, 0x000000070c000000|  0%| F|  |TAMS 0x000000070be00000, 0x000000070be00000| Untracked 
|  96|0x000000070c000000, 0x000000070c000000, 0x000000070c200000|  0%| F|  |TAMS 0x000000070c000000, 0x000000070c000000| Untracked 
|  97|0x000000070c200000, 0x000000070c200000, 0x000000070c400000|  0%| F|  |TAMS 0x000000070c200000, 0x000000070c200000| Untracked 
|  98|0x000000070c400000, 0x000000070c400000, 0x000000070c600000|  0%| F|  |TAMS 0x000000070c400000, 0x000000070c400000| Untracked 
|  99|0x000000070c600000, 0x000000070c600000, 0x000000070c800000|  0%| F|  |TAMS 0x000000070c600000, 0x000000070c600000| Untracked 
| 100|0x000000070c800000, 0x000000070c800000, 0x000000070ca00000|  0%| F|  |TAMS 0x000000070c800000, 0x000000070c800000| Untracked 
| 101|0x000000070ca00000, 0x000000070ca00000, 0x000000070cc00000|  0%| F|  |TAMS 0x000000070ca00000, 0x000000070ca00000| Untracked 
| 102|0x000000070cc00000, 0x000000070cc00000, 0x000000070ce00000|  0%| F|  |TAMS 0x000000070cc00000, 0x000000070cc00000| Untracked 
| 103|0x000000070ce00000, 0x000000070ce00000, 0x000000070d000000|  0%| F|  |TAMS 0x000000070ce00000, 0x000000070ce00000| Untracked 
| 104|0x000000070d000000, 0x000000070d000000, 0x000000070d200000|  0%| F|  |TAMS 0x000000070d000000, 0x000000070d000000| Untracked 
| 105|0x000000070d200000, 0x000000070d200000, 0x000000070d400000|  0%| F|  |TAMS 0x000000070d200000, 0x000000070d200000| Untracked 
| 106|0x000000070d400000, 0x000000070d400000, 0x000000070d600000|  0%| F|  |TAMS 0x000000070d400000, 0x000000070d400000| Untracked 
| 107|0x000000070d600000, 0x000000070d600000, 0x000000070d800000|  0%| F|  |TAMS 0x000000070d600000, 0x000000070d600000| Untracked 
| 108|0x000000070d800000, 0x000000070d800000, 0x000000070da00000|  0%| F|  |TAMS 0x000000070d800000, 0x000000070d800000| Untracked 
| 109|0x000000070da00000, 0x000000070da00000, 0x000000070dc00000|  0%| F|  |TAMS 0x000000070da00000, 0x000000070da00000| Untracked 
| 110|0x000000070dc00000, 0x000000070dda5df8, 0x000000070de00000| 82%| E|  |TAMS 0x000000070dc00000, 0x000000070dc00000| Complete 
| 111|0x000000070de00000, 0x000000070e000000, 0x000000070e000000|100%| E|CS|TAMS 0x000000070de00000, 0x000000070de00000| Complete 
| 112|0x000000070e000000, 0x000000070e200000, 0x000000070e200000|100%| E|CS|TAMS 0x000000070e000000, 0x000000070e000000| Complete 
| 113|0x000000070e200000, 0x000000070e400000, 0x000000070e400000|100%| E|CS|TAMS 0x000000070e200000, 0x000000070e200000| Complete 
| 114|0x000000070e400000, 0x000000070e600000, 0x000000070e600000|100%| E|CS|TAMS 0x000000070e400000, 0x000000070e400000| Complete 
| 115|0x000000070e600000, 0x000000070e736ae0, 0x000000070e800000| 60%| S|CS|TAMS 0x000000070e600000, 0x000000070e600000| Complete 
| 116|0x000000070e800000, 0x000000070ea00000, 0x000000070ea00000|100%| S|CS|TAMS 0x000000070e800000, 0x000000070e800000| Complete 
| 117|0x000000070ea00000, 0x000000070ec00000, 0x000000070ec00000|100%| E|CS|TAMS 0x000000070ea00000, 0x000000070ea00000| Complete 
| 118|0x000000070ec00000, 0x000000070ee00000, 0x000000070ee00000|100%| E|CS|TAMS 0x000000070ec00000, 0x000000070ec00000| Complete 
| 119|0x000000070ee00000, 0x000000070f000000, 0x000000070f000000|100%| E|CS|TAMS 0x000000070ee00000, 0x000000070ee00000| Complete 
| 120|0x000000070f000000, 0x000000070f200000, 0x000000070f200000|100%| E|CS|TAMS 0x000000070f000000, 0x000000070f000000| Complete 
| 121|0x000000070f200000, 0x000000070f400000, 0x000000070f400000|100%| E|CS|TAMS 0x000000070f200000, 0x000000070f200000| Complete 
| 122|0x000000070f400000, 0x000000070f600000, 0x000000070f600000|100%| E|CS|TAMS 0x000000070f400000, 0x000000070f400000| Complete 
| 123|0x000000070f600000, 0x000000070f800000, 0x000000070f800000|100%| E|CS|TAMS 0x000000070f600000, 0x000000070f600000| Complete 
| 124|0x000000070f800000, 0x000000070fa00000, 0x000000070fa00000|100%| E|CS|TAMS 0x000000070f800000, 0x000000070f800000| Complete 
| 125|0x000000070fa00000, 0x000000070fc00000, 0x000000070fc00000|100%| E|CS|TAMS 0x000000070fa00000, 0x000000070fa00000| Complete 
| 126|0x000000070fc00000, 0x000000070fe00000, 0x000000070fe00000|100%| E|CS|TAMS 0x000000070fc00000, 0x000000070fc00000| Complete 
| 127|0x000000070fe00000, 0x0000000710000000, 0x0000000710000000|100%| E|CS|TAMS 0x000000070fe00000, 0x000000070fe00000| Complete 
|2046|0x00000007ffc00000, 0x00000007ffd78000, 0x00000007ffe00000| 73%|OA|  |TAMS 0x00000007ffc00000, 0x00000007ffc00000| Untracked 
|2047|0x00000007ffe00000, 0x00000007ffe80000, 0x0000000800000000| 25%|CA|  |TAMS 0x00000007ffe00000, 0x00000007ffe00000| Untracked 

Card table byte_map: [0x0000000119298000,0x0000000119a98000] _byte_map_base: 0x0000000115a98000

Marking Bits (Prev, Next): (CMBitMap*) 0x0000000135808a10, (CMBitMap*) 0x0000000135808a50
 Prev Bits: [0x000000011a298000, 0x000000011e298000)
 Next Bits: [0x000000011e298000, 0x0000000122298000)

Polling page: 0x0000000100c60000

Metaspace:

Usage:
  Non-class:     12.27 MB used.
      Class:      2.08 MB used.
       Both:     14.35 MB used.

Virtual space:
  Non-class space:       16.00 MB reserved,      12.38 MB ( 77%) committed,  2 nodes.
      Class space:        1.00 GB reserved,       2.19 MB ( <1%) committed,  1 nodes.
             Both:        1.02 GB reserved,      14.56 MB (  1%) committed. 

Chunk freelists:
   Non-Class:  3.64 MB
       Class:  1.78 MB
        Both:  5.42 MB

MaxMetaspaceSize: unlimited
CompressedClassSpaceSize: 1.00 GB
Initial GC threshold: 21.00 MB
Current GC threshold: 21.00 MB
CDS: on
MetaspaceReclaimPolicy: balanced
 - commit_granule_bytes: 65536.
 - commit_granule_words: 8192.
 - virtual_space_node_default_size: 1048576.
 - enlarge_chunks_in_place: 1.
 - new_chunks_are_fully_committed: 0.
 - uncommit_free_chunks: 1.
 - use_allocation_guard: 0.
 - handle_deallocations: 1.


Internal statistics:

num_allocs_failed_limit: 0.
num_arena_births: 204.
num_arena_deaths: 0.
num_vsnodes_births: 3.
num_vsnodes_deaths: 0.
num_space_committed: 233.
num_space_uncommitted: 0.
num_chunks_returned_to_freelist: 0.
num_chunks_taken_from_freelist: 653.
num_chunk_merges: 0.
num_chunk_splits: 459.
num_chunks_enlarged: 367.
num_purges: 0.
num_inconsistent_stats: 0.

CodeHeap 'non-profiled nmethods': size=120032Kb used=780Kb max_used=780Kb free=119251Kb
 bounds [0x0000000111d60000, 0x0000000111fd0000, 0x0000000119298000]
CodeHeap 'profiled nmethods': size=120016Kb used=4307Kb max_used=4307Kb free=115708Kb
 bounds [0x000000010a82c000, 0x000000010ac6c000, 0x0000000111d60000]
CodeHeap 'non-nmethods': size=5712Kb used=1363Kb max_used=1411Kb free=4349Kb
 bounds [0x000000010a298000, 0x000000010a508000, 0x000000010a82c000]
 total_blobs=2990 nmethods=2238 adapters=668
 compilation: enabled
              stopped_count=0, restarted_count=0
 full_count=0

Compilation events (20 events):
Event: 7.356 Thread 0x0000000135808200 2288       3       com.sun.javafx.font.CompositeStrike::getQuantizedPosition (12 bytes)
Event: 7.356 Thread 0x0000000135808200 nmethod 2288 0x000000010ac57a90 code [0x000000010ac57c40, 0x000000010ac57ec8]
Event: 7.356 Thread 0x0000000135808200 2289       3       com.sun.javafx.font.coretext.CTFontStrike::getQuantizedPosition (218 bytes)
Event: 7.358 Thread 0x0000000135808200 nmethod 2289 0x000000010ac58010 code [0x000000010ac582c0, 0x000000010ac58ce8]
Event: 7.358 Thread 0x0000000135808200 2290       3       com.sun.javafx.font.PrismFontStrike::getQuantizedPosition (56 bytes)
Event: 7.358 Thread 0x0000000135808200 nmethod 2290 0x000000010ac58e90 code [0x000000010ac59080, 0x000000010ac59338]
Event: 7.358 Thread 0x0000000135808200 2291   !   3       com.sun.prism.impl.GlyphCache::getCachedGlyph (491 bytes)
Event: 7.362 Thread 0x0000000135808200 nmethod 2291 0x000000010ac59490 code [0x000000010ac59c00, 0x000000010ac5cb68]
Event: 7.362 Thread 0x0000000135808200 2292       3       com.sun.prism.impl.GlyphCache::addDataToQuad (305 bytes)
Event: 7.363 Thread 0x0000000135808200 nmethod 2292 0x000000010ac5e290 code [0x000000010ac5e540, 0x000000010ac5ef58]
Event: 7.365 Thread 0x0000000135808200 2293       3       javafx.scene.Scene$TargetWrapper::getEventTarget (19 bytes)
Event: 7.365 Thread 0x0000000135808200 nmethod 2293 0x000000010ac5f410 code [0x000000010ac5f5c0, 0x000000010ac5f768]
Event: 7.372 Thread 0x0000000135808200 2294       1       com.sun.javafx.stage.WindowEventDispatcher::getLastDispatcher (5 bytes)
Event: 7.372 Thread 0x0000000135808200 nmethod 2294 0x0000000111e22a90 code [0x0000000111e22c00, 0x0000000111e22ce8]
Event: 7.389 Thread 0x0000000135808200 2295       3       com.sun.glass.ui.View::getWindow (8 bytes)
Event: 7.389 Thread 0x0000000135808200 nmethod 2295 0x000000010ac5f810 code [0x000000010ac5fa00, 0x000000010ac5fdc8]
Event: 7.389 Thread 0x0000000135808200 2296       3       com.sun.javafx.event.EventDispatchChainImpl::insertFirst (42 bytes)
Event: 7.389 Thread 0x0000000135808200 nmethod 2296 0x000000010ac5ff90 code [0x000000010ac60140, 0x000000010ac60468]
Event: 7.389 Thread 0x0000000135808200 2297       1       com.sun.javafx.scene.SceneEventDispatcher::getLastDispatcher (5 bytes)
Event: 7.390 Thread 0x0000000135808200 nmethod 2297 0x0000000111e22d90 code [0x0000000111e22f00, 0x0000000111e22fe8]

GC Heap History (2 events):
Event: 0.523 GC heap before
{Heap before GC invocations=0 (full 0):
 garbage-first heap   total 266240K, used 24544K [0x0000000700000000, 0x0000000800000000)
  region size 2048K, 11 young (22528K), 0 survivors (0K)
 Metaspace       used 7107K, committed 7232K, reserved 1056768K
  class space    used 914K, committed 960K, reserved 1048576K
}
Event: 0.526 GC heap after
{Heap after GC invocations=1 (full 0):
 garbage-first heap   total 266240K, used 5306K [0x0000000700000000, 0x0000000800000000)
  region size 2048K, 2 young (4096K), 2 survivors (4096K)
 Metaspace       used 7107K, committed 7232K, reserved 1056768K
  class space    used 914K, committed 960K, reserved 1048576K
}

Deoptimization events (20 events):
Event: 0.823 Thread 0x0000000135856c00 Uncommon trap: trap_request=0xffffff45 fr.pc=0x0000000111db5ba8 relative=0x0000000000000e28
Event: 0.823 Thread 0x0000000135856c00 Uncommon trap: reason=unstable_if action=reinterpret pc=0x0000000111db5ba8 method=java.util.concurrent.ConcurrentHashMap.putVal(Ljava/lang/Object;Ljava/lang/Object;Z)Ljava/lang/Object; @ 148 c2
Event: 0.823 Thread 0x0000000135856c00 DEOPT PACKING pc=0x0000000111db5ba8 sp=0x000000016f3d0e80
Event: 0.823 Thread 0x0000000135856c00 DEOPT UNPACKING pc=0x000000010a2d6d1c sp=0x000000016f3d0d90 mode 2
Event: 0.824 Thread 0x0000000135856c00 Uncommon trap: trap_request=0xffffff45 fr.pc=0x0000000111d6d244 relative=0x0000000000000104
Event: 0.824 Thread 0x0000000135856c00 Uncommon trap: reason=unstable_if action=reinterpret pc=0x0000000111d6d244 method=java.lang.StringLatin1.lastIndexOf([BI[BII)I @ 86 c2
Event: 0.824 Thread 0x0000000135856c00 DEOPT PACKING pc=0x0000000111d6d244 sp=0x000000016f3d1030
Event: 0.824 Thread 0x0000000135856c00 DEOPT UNPACKING pc=0x000000010a2d6d1c sp=0x000000016f3d0f90 mode 2
Event: 3.473 Thread 0x0000000124826e00 DEOPT PACKING pc=0x000000010ab6f654 sp=0x0000000171e617e0
Event: 3.473 Thread 0x0000000124826e00 DEOPT UNPACKING pc=0x000000010a2d6b7c sp=0x0000000171e61400 mode 0
Event: 3.520 Thread 0x0000000124826e00 DEOPT PACKING pc=0x000000010aae8b5c sp=0x0000000171e614a0
Event: 3.520 Thread 0x0000000124826e00 DEOPT UNPACKING pc=0x000000010a2d6b7c sp=0x0000000171e61100 mode 0
Event: 3.521 Thread 0x0000000124826e00 DEOPT PACKING pc=0x000000010aae8b5c sp=0x0000000171e614a0
Event: 3.521 Thread 0x0000000124826e00 DEOPT UNPACKING pc=0x000000010a2d6b7c sp=0x0000000171e61100 mode 0
Event: 4.457 Thread 0x0000000124826e00 Uncommon trap: trap_request=0xffffff45 fr.pc=0x0000000111df57c4 relative=0x00000000000002c4
Event: 4.457 Thread 0x0000000124826e00 Uncommon trap: reason=unstable_if action=reinterpret pc=0x0000000111df57c4 method=com.sun.marlin.MaskMarlinAlphaConsumer.setAndClearRelativeAlphas([IIII)V @ 167 c2
Event: 4.457 Thread 0x0000000124826e00 DEOPT PACKING pc=0x0000000111df57c4 sp=0x0000000171e61620
Event: 4.457 Thread 0x0000000124826e00 DEOPT UNPACKING pc=0x000000010a2d6d1c sp=0x0000000171e61530 mode 2
Event: 5.621 Thread 0x0000000124826e00 DEOPT PACKING pc=0x000000010aba8a24 sp=0x0000000171e616c0
Event: 5.621 Thread 0x0000000124826e00 DEOPT UNPACKING pc=0x000000010a2d6b7c sp=0x0000000171e612c0 mode 0

Classes unloaded (0 events):
No events

Classes redefined (0 events):
No events

Internal exceptions (20 events):
Event: 0.620 Thread 0x0000000135856c00 Exception <a 'sun/nio/fs/UnixException'{0x000000070f900b68}> (0x000000070f900b68) 
thrown [src/hotspot/share/prims/jni.cpp, line 516]
Event: 0.707 Thread 0x0000000135856c00 Exception <a 'sun/nio/fs/UnixException'{0x000000070f409090}> (0x000000070f409090) 
thrown [src/hotspot/share/prims/jni.cpp, line 516]
Event: 0.710 Thread 0x0000000135856c00 Implicit null exception at 0x0000000111d8b778 to 0x0000000111d8b808
Event: 0.716 Thread 0x0000000135856c00 Implicit null exception at 0x0000000111da8994 to 0x0000000111da8d24
Event: 0.716 Thread 0x0000000135856c00 Implicit null exception at 0x0000000111da6754 to 0x0000000111da6aa0
Event: 0.759 Thread 0x0000000135856c00 Exception <a 'java/lang/NoSuchMethodError'{0x000000070f10ed80}: 'java.lang.Object java.lang.invoke.DirectMethodHandle$Holder.invokeInterface(java.lang.Object, java.lang.Object, java.lang.Object)'> (0x000000070f10ed80) 
thrown [src/hotspot/share/interpreter/linkResolver.cpp, line 766]
Event: 0.760 Thread 0x0000000135856c00 Exception <a 'java/lang/IncompatibleClassChangeError'{0x000000070f112708}: Found class java.lang.Object, but interface was expected> (0x000000070f112708) 
thrown [src/hotspot/share/interpreter/linkResolver.cpp, line 833]
Event: 0.776 Thread 0x0000000135856c00 Exception <a 'java/lang/ClassNotFoundException'{0x000000070ef05828}: com/sun/javafx/scene/control/skin/resources/controls> (0x000000070ef05828) 
thrown [src/hotspot/share/prims/jni.cpp, line 535]
Event: 0.776 Thread 0x0000000135856c00 Exception <a 'java/lang/ClassNotFoundException'{0x000000070ef137c8}: com/sun/javafx/scene/control/skin/resources/controls_en> (0x000000070ef137c8) 
thrown [src/hotspot/share/prims/jni.cpp, line 535]
Event: 0.776 Thread 0x0000000135856c00 Exception <a 'java/lang/ClassNotFoundException'{0x000000070ef14760}: com/sun/javafx/scene/control/skin/resources/controls_en_US> (0x000000070ef14760) 
thrown [src/hotspot/share/prims/jni.cpp, line 535]
Event: 0.790 Thread 0x0000000135856c00 Exception <a 'java/lang/NoSuchMethodError'{0x000000070ecd6aa8}: 'void java.lang.invoke.DirectMethodHandle$Holder.invokeSpecial(java.lang.Object, java.lang.Object, java.lang.Object, java.lang.Object, java.lang.Object, java.lang.Object)'> (0x000000070ecd6aa8) 
thrown [src/hotspot/share/interpreter/linkResolver.cpp, line 766]
Event: 0.828 Thread 0x0000000135856c00 Exception <a 'java/lang/NoSuchMethodError'{0x000000070e551f40}: 'java.lang.Object java.lang.invoke.DirectMethodHandle$Holder.newInvokeSpecial(java.lang.Object, java.lang.Object, int)'> (0x000000070e551f40) 
thrown [src/hotspot/share/interpreter/linkResolver.cpp, line 766]
Event: 0.866 Thread 0x0000000124826e00 Exception <a 'java/lang/NoSuchMethodError'{0x000000070e31ee68}: 'int java.lang.invoke.DirectMethodHandle$Holder.invokeStaticInit(java.lang.Object, java.lang.Object)'> (0x000000070e31ee68) 
thrown [src/hotspot/share/interpreter/linkResolver.cpp, line 766]
Event: 0.873 Thread 0x0000000135856c00 Exception <a 'java/lang/NoSuchMethodError'{0x000000070e2373e8}: 'long java.lang.invoke.DirectMethodHandle$Holder.invokeStatic(java.lang.Object, java.lang.Object, java.lang.Object)'> (0x000000070e2373e8) 
thrown [src/hotspot/share/interpreter/linkResolver.cpp, line 766]
Event: 0.874 Thread 0x0000000135856c00 Exception <a 'java/lang/NoSuchMethodError'{0x000000070e23ab90}: 'long java.lang.invoke.DirectMethodHandle$Holder.invokeStaticInit(java.lang.Object, java.lang.Object, java.lang.Object)'> (0x000000070e23ab90) 
thrown [src/hotspot/share/interpreter/linkResolver.cpp, line 766]
Event: 0.874 Thread 0x0000000135856c00 Exception <a 'java/lang/NoSuchMethodError'{0x000000070e252798}: 'java.lang.Object java.lang.invoke.DirectMethodHandle$Holder.newInvokeSpecial(java.lang.Object, java.lang.Object, long)'> (0x000000070e252798) 
thrown [src/hotspot/share/interpreter/linkResolver.cpp, line 766]
Event: 0.874 Thread 0x0000000135856c00 Exception <a 'java/lang/NoSuchMethodError'{0x000000070e256060}: 'java.lang.Object java.lang.invoke.Invokers$Holder.linkToTargetMethod(java.lang.Object, long, java.lang.Object)'> (0x000000070e256060) 
thrown [src/hotspot/share/interpreter/linkResolver.cpp, line 766]
Event: 2.075 Thread 0x0000000135856c00 Exception <a 'java/lang/NoSuchMethodError'{0x000000070dc473f8}: 'java.lang.Object java.lang.invoke.DirectMethodHandle$Holder.newInvokeSpecial(java.lang.Object, java.lang.Object, int, int, int, int, int, java.lang.Object)'> (0x000000070dc473f8) 
thrown [src/hotspot/share/interpreter/linkResolver.cpp, line 766]
Event: 2.076 Thread 0x0000000135856c00 Exception <a 'java/lang/NoSuchMethodError'{0x000000070dc5a3d8}: 'java.lang.Object java.lang.invoke.DirectMethodHandle$Holder.newInvokeSpecial(java.lang.Object, java.lang.Object, java.lang.Object, int, int, int, int, int)'> (0x000000070dc5a3d8) 
thrown [src/hotspot/share/interpreter/linkResolver.cpp, line 766]
Event: 2.077 Thread 0x0000000135856c00 Exception <a 'java/lang/NoSuchMethodError'{0x000000070dc61c38}: 'java.lang.Object java.lang.invoke.Invokers$Holder.linkToTargetMethod(java.lang.Object, java.lang.Object, int, int, int, int, int, java.lang.Object)'> (0x000000070dc61c38) 
thrown [src/hotspot/share/interpreter/linkResolver.cpp, line 766]

VM Operations (20 events):
Event: 0.587 Executing VM operation: HandshakeAllThreads
Event: 0.587 Executing VM operation: HandshakeAllThreads done
Event: 0.683 Executing VM operation: HandshakeAllThreads
Event: 0.683 Executing VM operation: HandshakeAllThreads done
Event: 0.700 Executing VM operation: ICBufferFull
Event: 0.700 Executing VM operation: ICBufferFull done
Event: 0.812 Executing VM operation: ICBufferFull
Event: 0.812 Executing VM operation: ICBufferFull done
Event: 2.025 Executing VM operation: Cleanup
Event: 2.025 Executing VM operation: Cleanup done
Event: 3.029 Executing VM operation: Cleanup
Event: 3.029 Executing VM operation: Cleanup done
Event: 4.031 Executing VM operation: Cleanup
Event: 4.032 Executing VM operation: Cleanup done
Event: 5.037 Executing VM operation: Cleanup
Event: 5.037 Executing VM operation: Cleanup done
Event: 6.042 Executing VM operation: Cleanup
Event: 6.042 Executing VM operation: Cleanup done
Event: 7.047 Executing VM operation: Cleanup
Event: 7.047 Executing VM operation: Cleanup done

Events (20 events):
Event: 1.132 loading class sun/util/resources/cldr/TimeZoneNames
Event: 1.132 loading class sun/util/resources/TimeZoneNamesBundle
Event: 1.132 loading class sun/util/resources/OpenListResourceBundle
Event: 1.132 loading class sun/util/resources/OpenListResourceBundle done
Event: 1.132 loading class sun/util/resources/TimeZoneNamesBundle done
Event: 1.132 loading class sun/util/resources/cldr/TimeZoneNames done
Event: 1.132 loading class sun/util/resources/cldr/TimeZoneNames_en
Event: 1.133 loading class sun/util/resources/cldr/TimeZoneNames_en done
Event: 1.133 loading class sun/util/resources/cldr/TimeZoneNames_en_US
Event: 1.133 loading class sun/util/resources/cldr/TimeZoneNames_en_US done
Event: 1.134 loading class sun/util/resources/TimeZoneNames
Event: 1.135 loading class sun/util/resources/TimeZoneNames done
Event: 1.135 loading class sun/util/resources/TimeZoneNames_en
Event: 1.135 loading class sun/util/resources/TimeZoneNames_en done
Event: 1.274 loading class java/util/EnumMap$Values
Event: 1.274 loading class java/util/EnumMap$Values done
Event: 1.274 loading class java/util/EnumMap$ValueIterator
Event: 1.274 loading class java/util/EnumMap$EnumMapIterator
Event: 1.274 loading class java/util/EnumMap$EnumMapIterator done
Event: 1.274 loading class java/util/EnumMap$ValueIterator done


Dynamic libraries:
0x0000000100a5c000 	/opt/homebrew/Cellar/openjdk/17/libexec/openjdk.jdk/Contents/Home/lib/libjli.dylib
0x000000019b453000 	/usr/lib/libz.1.dylib
0x000000019b503000 	/usr/lib/libSystem.B.dylib
0x000000019b4fd000 	/usr/lib/system/libcache.dylib
0x000000019b4bb000 	/usr/lib/system/libcommonCrypto.dylib
0x000000019b4e4000 	/usr/lib/system/libcompiler_rt.dylib
0x000000019b4db000 	/usr/lib/system/libcopyfile.dylib
0x0000000190846000 	/usr/lib/system/libcorecrypto.dylib
0x00000001908eb000 	/usr/lib/system/libdispatch.dylib
0x0000000190ab3000 	/usr/lib/system/libdyld.dylib
0x000000019b4f3000 	/usr/lib/system/libkeymgr.dylib
0x000000019b49d000 	/usr/lib/system/libmacho.dylib
0x000000019aba1000 	/usr/lib/system/libquarantine.dylib
0x000000019b4f0000 	/usr/lib/system/libremovefile.dylib
0x0000000195c42000 	/usr/lib/system/libsystem_asl.dylib
0x00000001907f0000 	/usr/lib/system/libsystem_blocks.dylib
0x0000000190971000 	/usr/lib/system/libsystem_c.dylib
0x000000019b4e8000 	/usr/lib/system/libsystem_collections.dylib
0x000000019a060000 	/usr/lib/system/libsystem_configuration.dylib
0x00000001992e4000 	/usr/lib/system/libsystem_containermanager.dylib
0x000000019b204000 	/usr/lib/system/libsystem_coreservices.dylib
0x00000001931d7000 	/usr/lib/system/libsystem_darwin.dylib
0x000000019b4f4000 	/usr/lib/system/libsystem_dnssd.dylib
0x000000019096e000 	/usr/lib/system/libsystem_featureflags.dylib
0x0000000190ac8000 	/usr/lib/system/libsystem_info.dylib
0x000000019b465000 	/usr/lib/system/libsystem_m.dylib
0x00000001908c0000 	/usr/lib/system/libsystem_malloc.dylib
0x0000000195bd3000 	/usr/lib/system/libsystem_networkextension.dylib
0x000000019362b000 	/usr/lib/system/libsystem_notify.dylib
0x00000001a1709000 	/usr/lib/system/libsystem_product_info_filter.dylib
0x000000019a065000 	/usr/lib/system/libsystem_sandbox.dylib
0x000000019b4ed000 	/usr/lib/system/libsystem_secinit.dylib
0x0000000190a70000 	/usr/lib/system/libsystem_kernel.dylib
0x0000000190ac0000 	/usr/lib/system/libsystem_platform.dylib
0x0000000190aa6000 	/usr/lib/system/libsystem_pthread.dylib
0x000000019737c000 	/usr/lib/system/libsystem_symptoms.dylib
0x000000019082c000 	/usr/lib/system/libsystem_trace.dylib
0x000000019b4c8000 	/usr/lib/system/libunwind.dylib
0x00000001907f2000 	/usr/lib/system/libxpc.dylib
0x0000000190a56000 	/usr/lib/libc++abi.dylib
0x0000000190932000 	/usr/lib/libobjc.A.dylib
0x000000019b4d3000 	/usr/lib/liboah.dylib
0x00000001909f2000 	/usr/lib/libc++.1.dylib
0x00000001a7104000 	/System/Library/Frameworks/Cocoa.framework/Versions/A/Cocoa
0x000000019368b000 	/System/Library/Frameworks/AppKit.framework/Versions/C/AppKit
0x0000000196bbb000 	/System/Library/Frameworks/CoreData.framework/Versions/A/CoreData
0x00000001919e8000 	/System/Library/Frameworks/Foundation.framework/Versions/C/Foundation
0x000000019453f000 	/System/Library/PrivateFrameworks/UIFoundation.framework/Versions/A/UIFoundation
0x00000001a1403000 	/System/Library/PrivateFrameworks/RemoteViewServices.framework/Versions/A/RemoteViewServices
0x0000000199a1e000 	/System/Library/PrivateFrameworks/XCTTargetBootstrap.framework/Versions/A/XCTTargetBootstrap
0x000000019d204000 	/System/Library/PrivateFrameworks/InternationalSupport.framework/Versions/A/InternationalSupport
0x000000019d28d000 	/System/Library/PrivateFrameworks/UserActivity.framework/Versions/A/UserActivity
0x000000019c732000 	/usr/lib/libspindump.dylib
0x00000001947af000 	/System/Library/Frameworks/UniformTypeIdentifiers.framework/Versions/A/UniformTypeIdentifiers
0x0000000197fab000 	/usr/lib/libapp_launch_measurement.dylib
0x0000000197523000 	/System/Library/PrivateFrameworks/CoreAnalytics.framework/Versions/A/CoreAnalytics
0x0000000197fae000 	/System/Library/PrivateFrameworks/CoreAutoLayout.framework/Versions/A/CoreAutoLayout
0x0000000199321000 	/System/Library/Frameworks/Metal.framework/Versions/A/Metal
0x000000019a070000 	/usr/lib/liblangid.dylib
0x0000000199a22000 	/System/Library/PrivateFrameworks/CoreSVG.framework/Versions/A/CoreSVG
0x0000000195c76000 	/System/Library/PrivateFrameworks/SkyLight.framework/Versions/A/SkyLight
0x0000000196040000 	/System/Library/Frameworks/CoreGraphics.framework/Versions/A/CoreGraphics
0x00000001a1a80000 	/System/Library/Frameworks/Accelerate.framework/Versions/A/Accelerate
0x000000019c1a6000 	/System/Library/PrivateFrameworks/IconServices.framework/Versions/A/IconServices
0x0000000199303000 	/System/Library/Frameworks/IOSurface.framework/Versions/A/IOSurface
0x0000000197553000 	/usr/lib/libDiagnosticMessagesClient.dylib
0x00000001a4ec7000 	/System/Library/Frameworks/ApplicationServices.framework/Versions/A/ApplicationServices
0x0000000199a06000 	/System/Library/PrivateFrameworks/DFRFoundation.framework/Versions/A/DFRFoundation
0x0000000192f2c000 	/usr/lib/libicucore.A.dylib
0x000000019e005000 	/System/Library/Frameworks/AudioToolbox.framework/Versions/A/AudioToolbox
0x000000019d210000 	/System/Library/PrivateFrameworks/DataDetectorsCore.framework/Versions/A/DataDetectorsCore
0x00000001b3342000 	/System/Library/PrivateFrameworks/TextInput.framework/Versions/A/TextInput
0x0000000195bed000 	/usr/lib/libMobileGestalt.dylib
0x00000001996d6000 	/System/Library/Frameworks/Carbon.framework/Versions/A/Frameworks/HIToolbox.framework/Versions/A/HIToolbox
0x00000001979b4000 	/System/Library/Frameworks/QuartzCore.framework/Versions/A/QuartzCore
0x0000000192ba9000 	/System/Library/Frameworks/Security.framework/Versions/A/Security
0x00000001a1443000 	/System/Library/Frameworks/Carbon.framework/Versions/A/Frameworks/SpeechRecognition.framework/Versions/A/SpeechRecognition
0x0000000197d02000 	/System/Library/PrivateFrameworks/CoreUI.framework/Versions/A/CoreUI
0x000000019247a000 	/System/Library/Frameworks/CoreAudio.framework/Versions/A/CoreAudio
0x0000000197647000 	/System/Library/Frameworks/DiskArbitration.framework/Versions/A/DiskArbitration
0x000000019cb17000 	/System/Library/PrivateFrameworks/MultitouchSupport.framework/Versions/A/MultitouchSupport
0x0000000195beb000 	/usr/lib/libenergytrace.dylib
0x0000000193555000 	/System/Library/Frameworks/IOKit.framework/Versions/A/IOKit
0x00000001a182c000 	/System/Library/Frameworks/CoreServices.framework/Versions/A/CoreServices
0x0000000197f3b000 	/System/Library/PrivateFrameworks/PerformanceAnalysis.framework/Versions/A/PerformanceAnalysis
0x00000001f1eb5000 	/System/Library/Frameworks/OpenGL.framework/Versions/A/OpenGL
0x000000019aac1000 	/System/Library/PrivateFrameworks/MobileKeyBag.framework/Versions/A/MobileKeyBag
0x0000000196650000 	/System/Library/Frameworks/ColorSync.framework/Versions/A/ColorSync
0x0000000190af4000 	/System/Library/Frameworks/CoreFoundation.framework/Versions/A/CoreFoundation
0x0000000199ca3000 	/System/Library/Frameworks/CoreImage.framework/Versions/A/CoreImage
0x000000019229d000 	/System/Library/Frameworks/CoreText.framework/Versions/A/CoreText
0x0000000199a52000 	/System/Library/Frameworks/ImageIO.framework/Versions/A/ImageIO
0x000000019b509000 	/System/Library/PrivateFrameworks/SoftLinking.framework/Versions/A/SoftLinking
0x0000000197ff8000 	/usr/lib/libxml2.2.dylib
0x000000019b7a2000 	/usr/lib/libcompression.dylib
0x000000019d15d000 	/System/Library/PrivateFrameworks/TextureIO.framework/Versions/A/TextureIO
0x000000019bec0000 	/usr/lib/libate.dylib
0x000000019bd88000 	/usr/lib/liblzma.5.dylib
0x00000001916dc000 	/System/Library/Frameworks/SystemConfiguration.framework/Versions/A/SystemConfiguration
0x000000019b505000 	/usr/lib/libfakelink.dylib
0x000000019571a000 	/System/Library/Frameworks/CFNetwork.framework/Versions/A/CFNetwork
0x000000019b64c000 	/usr/lib/libarchive.2.dylib
0x000000019a06c000 	/System/Library/PrivateFrameworks/AppleSystemInfo.framework/Versions/A/AppleSystemInfo
0x000000019abcc000 	/usr/lib/libbsm.0.dylib
0x0000000194c52000 	/usr/lib/libnetwork.dylib
0x000000019b4a3000 	/usr/lib/system/libkxld.dylib
0x000000019a7e3000 	/System/Library/PrivateFrameworks/IOMobileFramebuffer.framework/Versions/A/IOMobileFramebuffer
0x000000020dc1a000 	/usr/lib/libCoreEntitlements.dylib
0x000000019b1e6000 	/System/Library/PrivateFrameworks/AppleFSCompression.framework/Versions/A/AppleFSCompression
0x000000019abb4000 	/usr/lib/libcoretls.dylib
0x000000019bda1000 	/usr/lib/libcoretls_cfhelpers.dylib
0x000000019b79d000 	/usr/lib/libpam.2.dylib
0x0000000196fa4000 	/usr/lib/libsqlite3.dylib
0x000000019be09000 	/usr/lib/libxar.1.dylib
0x000000019b1f7000 	/usr/lib/libbz2.1.0.dylib
0x000000019b50a000 	/usr/lib/libpcap.A.dylib
0x0000000197373000 	/usr/lib/libdns_services.dylib
0x000000019b770000 	/usr/lib/libapple_nghttp2.dylib
0x000000019b547000 	/usr/lib/libiconv.2.dylib
0x000000019b49c000 	/usr/lib/libcharset.1.dylib
0x0000000197f77000 	/System/Library/Frameworks/CoreServices.framework/Versions/A/Frameworks/FSEvents.framework/Versions/A/FSEvents
0x00000001931e2000 	/System/Library/Frameworks/CoreServices.framework/Versions/A/Frameworks/CarbonCore.framework/Versions/A/CarbonCore
0x00000001975aa000 	/System/Library/Frameworks/CoreServices.framework/Versions/A/Frameworks/Metadata.framework/Versions/A/Metadata
0x000000019b20a000 	/System/Library/Frameworks/CoreServices.framework/Versions/A/Frameworks/OSServices.framework/Versions/A/OSServices
0x000000019b6d2000 	/System/Library/Frameworks/CoreServices.framework/Versions/A/Frameworks/SearchKit.framework/Versions/A/SearchKit
0x0000000197301000 	/System/Library/Frameworks/CoreServices.framework/Versions/A/Frameworks/AE.framework/Versions/A/AE
0x0000000191038000 	/System/Library/Frameworks/CoreServices.framework/Versions/A/Frameworks/LaunchServices.framework/Versions/A/LaunchServices
0x000000019bd31000 	/System/Library/Frameworks/CoreServices.framework/Versions/A/Frameworks/DictionaryServices.framework/Versions/A/DictionaryServices
0x0000000197f84000 	/System/Library/Frameworks/CoreServices.framework/Versions/A/Frameworks/SharedFileList.framework/Versions/A/SharedFileList
0x000000019aba4000 	/usr/lib/libCheckFix.dylib
0x0000000195c5a000 	/System/Library/PrivateFrameworks/TCC.framework/Versions/A/TCC
0x000000019a072000 	/System/Library/PrivateFrameworks/CoreNLP.framework/Versions/A/CoreNLP
0x0000000197556000 	/System/Library/PrivateFrameworks/MetadataUtilities.framework/Versions/A/MetadataUtilities
0x0000000191795000 	/usr/lib/libmecabra.dylib
0x000000019abdd000 	/usr/lib/libmecab.dylib
0x0000000191761000 	/usr/lib/libCRFSuite.dylib
0x000000019ac3b000 	/usr/lib/libgermantok.dylib
0x000000019b749000 	/usr/lib/libThaiTokenizer.dylib
0x000000019764f000 	/System/Library/Frameworks/Accelerate.framework/Versions/A/Frameworks/vImage.framework/Versions/A/vImage
0x00000001a1803000 	/System/Library/Frameworks/Accelerate.framework/Versions/A/Frameworks/vecLib.framework/Versions/A/vecLib
0x000000019be4d000 	/System/Library/Frameworks/Accelerate.framework/Versions/A/Frameworks/vecLib.framework/Versions/A/libvMisc.dylib
0x000000019a6ed000 	/System/Library/Frameworks/Accelerate.framework/Versions/A/Frameworks/vecLib.framework/Versions/A/libvDSP.dylib
0x00000001913bb000 	/System/Library/Frameworks/Accelerate.framework/Versions/A/Frameworks/vecLib.framework/Versions/A/libBLAS.dylib
0x000000019b871000 	/System/Library/Frameworks/Accelerate.framework/Versions/A/Frameworks/vecLib.framework/Versions/A/libLAPACK.dylib
0x000000019ac3e000 	/System/Library/Frameworks/Accelerate.framework/Versions/A/Frameworks/vecLib.framework/Versions/A/libLinearAlgebra.dylib
0x000000019b788000 	/System/Library/Frameworks/Accelerate.framework/Versions/A/Frameworks/vecLib.framework/Versions/A/libSparseBLAS.dylib
0x000000019b86c000 	/System/Library/Frameworks/Accelerate.framework/Versions/A/Frameworks/vecLib.framework/Versions/A/libQuadrature.dylib
0x000000019a169000 	/System/Library/Frameworks/Accelerate.framework/Versions/A/Frameworks/vecLib.framework/Versions/A/libBNNS.dylib
0x0000000191679000 	/System/Library/Frameworks/Accelerate.framework/Versions/A/Frameworks/vecLib.framework/Versions/A/libSparse.dylib
0x000000019a161000 	/System/Library/PrivateFrameworks/LinguisticData.framework/Versions/A/LinguisticData
0x000000019162f000 	/System/Library/PrivateFrameworks/Lexicon.framework/Versions/A/Lexicon
0x000000019be45000 	/usr/lib/libChineseTokenizer.dylib
0x0000000191dd6000 	/System/Library/PrivateFrameworks/LanguageModeling.framework/Versions/A/LanguageModeling
0x000000019b74b000 	/System/Library/PrivateFrameworks/AppleSauce.framework/Versions/A/AppleSauce
0x000000019a7d0000 	/System/Library/PrivateFrameworks/CoreEmoji.framework/Versions/A/CoreEmoji
0x000000019b63a000 	/usr/lib/libcmph.dylib
0x0000000197f57000 	/System/Library/Frameworks/OpenDirectory.framework/Versions/A/Frameworks/CFOpenDirectory.framework/Versions/A/CFOpenDirectory
0x0000000197f47000 	/System/Library/Frameworks/OpenDirectory.framework/Versions/A/OpenDirectory
0x000000019bda3000 	/System/Library/PrivateFrameworks/APFS.framework/Versions/A/APFS
0x000000019aafc000 	/System/Library/Frameworks/SecurityFoundation.framework/Versions/A/SecurityFoundation
0x000000019be17000 	/usr/lib/libutil.dylib
0x0000000193517000 	/System/Library/PrivateFrameworks/CoreServicesStore.framework/Versions/A/CoreServicesStore
0x000000019be1b000 	/usr/lib/libxslt.1.dylib
0x000000019ab90000 	/System/Library/PrivateFrameworks/BackgroundTaskManagement.framework/Versions/A/BackgroundTaskManagement
0x000000019d07e000 	/System/Library/Frameworks/ImageIO.framework/Versions/A/Resources/libRadiance.dylib
0x000000019d087000 	/System/Library/Frameworks/ImageIO.framework/Versions/A/Resources/libJPEG.dylib
0x000000019cfd9000 	/System/Library/Frameworks/ImageIO.framework/Versions/A/Resources/libPng.dylib
0x000000019cffb000 	/System/Library/Frameworks/ImageIO.framework/Versions/A/Resources/libTIFF.dylib
0x000000019d0e2000 	/System/Library/Frameworks/ImageIO.framework/Versions/A/Resources/libGIF.dylib
0x000000019ca27000 	/System/Library/Frameworks/ImageIO.framework/Versions/A/Resources/libJP2.dylib
0x000000019c16c000 	/usr/lib/libexpat.1.dylib
0x000000019c9e2000 	/System/Library/PrivateFrameworks/AppleJPEG.framework/Versions/A/AppleJPEG
0x0000000199595000 	/System/Library/PrivateFrameworks/FontServices.framework/libFontParser.dylib
0x00000001972a6000 	/System/Library/PrivateFrameworks/RunningBoardServices.framework/Versions/A/RunningBoardServices
0x00000001a7777000 	/System/Library/PrivateFrameworks/IOSurfaceAccelerator.framework/Versions/A/IOSurfaceAccelerator
0x000000019cb13000 	/System/Library/PrivateFrameworks/WatchdogClient.framework/Versions/A/WatchdogClient
0x0000000191eda000 	/System/Library/Frameworks/CoreDisplay.framework/Versions/A/CoreDisplay
0x0000000199483000 	/System/Library/Frameworks/CoreMedia.framework/Versions/A/CoreMedia
0x0000000199317000 	/System/Library/PrivateFrameworks/IOAccelerator.framework/Versions/A/IOAccelerator
0x00000001980e5000 	/System/Library/Frameworks/CoreVideo.framework/Versions/A/CoreVideo
0x000000019b79b000 	/System/Library/Frameworks/MetalPerformanceShaders.framework/Versions/A/MetalPerformanceShaders
0x000000019cb50000 	/System/Library/Frameworks/VideoToolbox.framework/Versions/A/VideoToolbox
0x00000001971ea000 	/System/Library/PrivateFrameworks/BaseBoard.framework/Versions/A/BaseBoard
0x0000000196f89000 	/System/Library/PrivateFrameworks/ProtocolBuffer.framework/Versions/A/ProtocolBuffer
0x000000019d079000 	/System/Library/PrivateFrameworks/GPUWrangler.framework/Versions/A/GPUWrangler
0x000000019d058000 	/System/Library/PrivateFrameworks/IOPresentment.framework/Versions/A/IOPresentment
0x000000019d081000 	/System/Library/PrivateFrameworks/DSExternalDisplay.framework/Versions/A/DSExternalDisplay
0x00000001f1ea8000 	/System/Library/Frameworks/OpenGL.framework/Versions/A/Libraries/libCoreFSCache.dylib
0x00000001fb669000 	/System/Library/PrivateFrameworks/GPUCompiler.framework/Versions/31001/Libraries/libGPUCompilerUtils.dylib
0x000000019d0e7000 	/System/Library/PrivateFrameworks/CMCaptureCore.framework/Versions/A/CMCaptureCore
0x000000019c720000 	/System/Library/PrivateFrameworks/AppServerSupport.framework/Versions/A/AppServerSupport
0x000000019e8c0000 	/System/Library/PrivateFrameworks/perfdata.framework/Versions/A/perfdata
0x0000000191ffa000 	/System/Library/PrivateFrameworks/AudioToolboxCore.framework/Versions/A/AudioToolboxCore
0x000000019945b000 	/System/Library/PrivateFrameworks/caulk.framework/Versions/A/caulk
0x000000019e1b5000 	/usr/lib/libAudioStatistics.dylib
0x00000001afabb000 	/System/Library/PrivateFrameworks/SystemPolicy.framework/Versions/A/SystemPolicy
0x000000019e415000 	/usr/lib/libSMC.dylib
0x00000001a6fe6000 	/System/Library/Frameworks/CoreMIDI.framework/Versions/A/CoreMIDI
0x000000019cfa7000 	/usr/lib/libAudioToolboxUtility.dylib
0x00000001abef4000 	/System/Library/PrivateFrameworks/OSAServicesClient.framework/Versions/A/OSAServicesClient
0x000000019e8cd000 	/usr/lib/libperfcheck.dylib
0x00000001b05be000 	/usr/lib/libmis.dylib
0x00000001f1f09000 	/System/Library/Frameworks/OpenGL.framework/Versions/A/Libraries/libGLU.dylib
0x00000001f1ec8000 	/System/Library/Frameworks/OpenGL.framework/Versions/A/Libraries/libGFXShared.dylib
0x00000001f20b2000 	/System/Library/Frameworks/OpenGL.framework/Versions/A/Libraries/libGL.dylib
0x00000001f1ed1000 	/System/Library/Frameworks/OpenGL.framework/Versions/A/Libraries/libGLImage.dylib
0x00000001f1ec5000 	/System/Library/Frameworks/OpenGL.framework/Versions/A/Libraries/libCVMSPluginSupport.dylib
0x00000001f1eaf000 	/System/Library/Frameworks/OpenGL.framework/Versions/A/Libraries/libCoreVMClient.dylib
0x0000000199fed000 	/System/Library/Frameworks/MetalPerformanceShaders.framework/Versions/A/Frameworks/MPSCore.framework/Versions/A/MPSCore
0x000000019b159000 	/System/Library/Frameworks/MetalPerformanceShaders.framework/Versions/A/Frameworks/MPSImage.framework/Versions/A/MPSImage
0x000000019ac53000 	/System/Library/Frameworks/MetalPerformanceShaders.framework/Versions/A/Frameworks/MPSNeuralNetwork.framework/Versions/A/MPSNeuralNetwork
0x000000019b090000 	/System/Library/Frameworks/MetalPerformanceShaders.framework/Versions/A/Frameworks/MPSMatrix.framework/Versions/A/MPSMatrix
0x000000019ae6b000 	/System/Library/Frameworks/MetalPerformanceShaders.framework/Versions/A/Frameworks/MPSRayIntersector.framework/Versions/A/MPSRayIntersector
0x000000019b0c1000 	/System/Library/Frameworks/MetalPerformanceShaders.framework/Versions/A/Frameworks/MPSNDArray.framework/Versions/A/MPSNDArray
0x00000001f3bdf000 	/System/Library/Frameworks/MetalPerformanceShaders.framework/Versions/A/Frameworks/MPSFunctions.framework/Versions/A/MPSFunctions
0x0000000191299000 	/System/Library/PrivateFrameworks/MetalTools.framework/Versions/A/MetalTools
0x000000019a06a000 	/System/Library/PrivateFrameworks/AggregateDictionary.framework/Versions/A/AggregateDictionary
0x000000019bf52000 	/usr/lib/libIOReport.dylib
0x00000001a5fcd000 	/System/Library/PrivateFrameworks/ASEProcessing.framework/Versions/A/ASEProcessing
0x000000019c2c5000 	/System/Library/PrivateFrameworks/FaceCore.framework/Versions/A/FaceCore
0x000000019c2b7000 	/System/Library/PrivateFrameworks/GraphVisualizer.framework/Versions/A/GraphVisualizer
0x00000001fb580000 	/System/Library/PrivateFrameworks/FontServices.framework/Versions/A/FontServices
0x000000019c6da000 	/System/Library/PrivateFrameworks/OTSVG.framework/Versions/A/OTSVG
0x0000000197cb3000 	/System/Library/Frameworks/ApplicationServices.framework/Versions/A/Frameworks/ATS.framework/Versions/A/Resources/libFontRegistry.dylib
0x000000019c729000 	/System/Library/PrivateFrameworks/FontServices.framework/libhvf.dylib
0x00000001fb581000 	/System/Library/PrivateFrameworks/FontServices.framework/libXTFontStaticRegistryData.dylib
0x00000001f2254000 	/System/Library/Frameworks/OpenCL.framework/Versions/A/OpenCL
0x000000019c120000 	/System/Library/PrivateFrameworks/AppleVA.framework/Versions/A/AppleVA
0x000000019e1dd000 	/System/Library/Frameworks/ApplicationServices.framework/Versions/A/Frameworks/ATS.framework/Versions/A/ATS
0x000000019674d000 	/System/Library/Frameworks/ApplicationServices.framework/Versions/A/Frameworks/HIServices.framework/Versions/A/HIServices
0x000000019d0f1000 	/System/Library/Frameworks/ApplicationServices.framework/Versions/A/Frameworks/PrintCore.framework/Versions/A/PrintCore
0x000000019e568000 	/System/Library/Frameworks/ApplicationServices.framework/Versions/A/Frameworks/QD.framework/Versions/A/QD
0x000000019e560000 	/System/Library/Frameworks/ApplicationServices.framework/Versions/A/Frameworks/ColorSyncLegacy.framework/Versions/A/ColorSyncLegacy
0x000000019e1c9000 	/System/Library/Frameworks/ApplicationServices.framework/Versions/A/Frameworks/SpeechSynthesis.framework/Versions/A/SpeechSynthesis
0x000000019d0b2000 	/System/Library/Frameworks/ApplicationServices.framework/Versions/A/Frameworks/ATSUI.framework/Versions/A/ATSUI
0x000000019e4f5000 	/usr/lib/libcups.2.dylib
0x000000019e8db000 	/System/Library/Frameworks/Kerberos.framework/Versions/A/Kerberos
0x000000019e8ec000 	/System/Library/Frameworks/GSS.framework/Versions/A/GSS
0x000000019e24c000 	/usr/lib/libresolv.9.dylib
0x000000019c737000 	/System/Library/PrivateFrameworks/Heimdal.framework/Versions/A/Heimdal
0x00000001a523d000 	/System/Library/Frameworks/Kerberos.framework/Versions/A/Libraries/libHeimdalProxy.dylib
0x0000000197385000 	/System/Library/Frameworks/Network.framework/Versions/A/Network
0x000000019c187000 	/usr/lib/libheimdal-asn1.dylib
0x000000019e932000 	/System/Library/PrivateFrameworks/CommonAuth.framework/Versions/A/CommonAuth
0x000000019e143000 	/System/Library/PrivateFrameworks/AudioSession.framework/Versions/A/AudioSession
0x000000019c218000 	/System/Library/PrivateFrameworks/MediaExperience.framework/Versions/A/MediaExperience
0x000000019dfcb000 	/System/Library/PrivateFrameworks/AudioSession.framework/libSessionUtility.dylib
0x000000019e574000 	/System/Library/PrivateFrameworks/AudioResourceArbitration.framework/Versions/A/AudioResourceArbitration
0x00000001a267f000 	/System/Library/PrivateFrameworks/PowerLog.framework/Versions/A/PowerLog
0x000000019c190000 	/System/Library/PrivateFrameworks/IconFoundation.framework/Versions/A/IconFoundation
0x00000001a142f000 	/System/Library/PrivateFrameworks/SpeechRecognitionCore.framework/Versions/A/SpeechRecognitionCore
0x0000000101a4c000 	/opt/homebrew/Cellar/openjdk/17/libexec/openjdk.jdk/Contents/Home/lib/server/libjvm.dylib
0x0000000100c74000 	/opt/homebrew/Cellar/openjdk/17/libexec/openjdk.jdk/Contents/Home/lib/libjimage.dylib
0x0000000100ca4000 	/opt/homebrew/Cellar/openjdk/17/libexec/openjdk.jdk/Contents/Home/lib/libinstrument.dylib
0x0000000100cf4000 	/opt/homebrew/Cellar/openjdk/17/libexec/openjdk.jdk/Contents/Home/lib/libjava.dylib
0x00000001017a8000 	/opt/homebrew/Cellar/openjdk/17/libexec/openjdk.jdk/Contents/Home/lib/libnio.dylib
0x00000001017c8000 	/opt/homebrew/Cellar/openjdk/17/libexec/openjdk.jdk/Contents/Home/lib/libnet.dylib
0x0000000100cd8000 	/opt/homebrew/Cellar/openjdk/17/libexec/openjdk.jdk/Contents/Home/lib/libzip.dylib
0x0000000101a00000 	/Users/finnkiesinger/.openjfx/cache/17.0.1/libprism_es2.dylib
0x00000001934da000 	/System/Library/PrivateFrameworks/CoreServicesInternal.framework/Versions/A/CoreServicesInternal
0x00000001f20bc000 	/System/Library/Frameworks/OpenGL.framework/Versions/A/Resources/GLEngine.bundle/GLEngine
0x00000001f1f43000 	/System/Library/Frameworks/OpenGL.framework/Versions/A/Libraries/libGLProgrammability.dylib
0x00000001245bc000 	/System/Library/Extensions/AppleMetalOpenGLRenderer.bundle/Contents/MacOS/AppleMetalOpenGLRenderer
0x00000001f222b000 	/System/Library/Frameworks/OpenGL.framework/Versions/A/Resources/GLRendererFloat.bundle/GLRendererFloat
0x00000001f22cc000 	/System/Library/Extensions/AGXMetal13_3.bundle/Contents/MacOS/AGXMetal13_3
0x00000001b05da000 	/System/Library/PrivateFrameworks/GPURawCounter.framework/Versions/A/GPURawCounter
0x00000001ab07b000 	/System/Library/PrivateFrameworks/IOGPU.framework/Versions/A/IOGPU
0x000000012451c000 	/Users/finnkiesinger/.openjfx/cache/17.0.1/libglass.dylib
0x00000001a28d3000 	/System/Library/Frameworks/FileProvider.framework/Versions/A/FileProvider
0x0000000197152000 	/System/Library/Frameworks/Accounts.framework/Versions/A/Accounts
0x00000001a2a53000 	/System/Library/PrivateFrameworks/GenerationalStorage.framework/Versions/A/GenerationalStorage
0x00000001a3609000 	/System/Library/PrivateFrameworks/CoreSymbolication.framework/Versions/A/CoreSymbolication
0x00000001a2673000 	/System/Library/PrivateFrameworks/SymptomDiagnosticReporter.framework/Versions/A/SymptomDiagnosticReporter
0x00000001947c3000 	/System/Library/PrivateFrameworks/DesktopServicesPriv.framework/Versions/A/DesktopServicesPriv
0x000000019363a000 	/usr/lib/libsandbox.1.dylib
0x0000000198172000 	/System/Library/PrivateFrameworks/UserManagement.framework/Versions/A/UserManagement
0x00000001a35ca000 	/System/Library/PrivateFrameworks/DebugSymbols.framework/Versions/A/DebugSymbols
0x000000019e553000 	/System/Library/PrivateFrameworks/NetAuth.framework/Versions/A/NetAuth
0x000000019f458000 	/System/Library/PrivateFrameworks/Sharing.framework/Versions/A/Sharing
0x0000000198142000 	/System/Library/PrivateFrameworks/login.framework/Versions/A/Frameworks/loginsupport.framework/Versions/A/loginsupport
0x00000001a4781000 	/System/Library/PrivateFrameworks/Apple80211.framework/Versions/A/Apple80211
0x000000019b23d000 	/System/Library/PrivateFrameworks/AuthKit.framework/Versions/A/AuthKit
0x000000019a8cf000 	/System/Library/PrivateFrameworks/CoreUtils.framework/Versions/A/CoreUtils
0x000000019a7ef000 	/System/Library/Frameworks/CoreWLAN.framework/Versions/A/CoreWLAN
0x000000019f5c2000 	/System/Library/Frameworks/IOBluetooth.framework/Versions/A/IOBluetooth
0x00000001a47e1000 	/System/Library/PrivateFrameworks/CoreWiFi.framework/Versions/A/CoreWiFi
0x00000001a31b1000 	/System/Library/PrivateFrameworks/FrontBoardServices.framework/Versions/A/FrontBoardServices
0x00000001a3249000 	/System/Library/PrivateFrameworks/BoardServices.framework/Versions/A/BoardServices
0x000000019aaea000 	/System/Library/PrivateFrameworks/AssertionServices.framework/Versions/A/AssertionServices
0x00000001a494f000 	/System/Library/PrivateFrameworks/BackBoardServices.framework/Versions/A/BackBoardServices
0x000000019e9c5000 	/System/Library/PrivateFrameworks/CorePhoneNumbers.framework/Versions/A/CorePhoneNumbers
0x00000001a27a3000 	/System/Library/PrivateFrameworks/DiskManagement.framework/Versions/A/DiskManagement
0x00000001a26a6000 	/System/Library/PrivateFrameworks/AppleIDAuthSupport.framework/Versions/A/AppleIDAuthSupport
0x00000001f5ea8000 	/System/Library/PrivateFrameworks/AAAFoundation.framework/Versions/A/AAAFoundation
0x000000019e9a4000 	/System/Library/PrivateFrameworks/KeychainCircle.framework/Versions/A/KeychainCircle
0x00000001a276f000 	/System/Library/PrivateFrameworks/MediaKit.framework/Versions/A/MediaKit
0x00000001a26b3000 	/System/Library/Frameworks/DiscRecording.framework/Versions/A/DiscRecording
0x000000019c09c000 	/usr/lib/libCoreStorage.dylib
0x00000001a4c4b000 	/usr/lib/libcsfde.dylib
0x000000019f697000 	/System/Library/PrivateFrameworks/ProtectedCloudStorage.framework/Versions/A/ProtectedCloudStorage
0x00000001a4c43000 	/System/Library/PrivateFrameworks/EFILogin.framework/Versions/A/EFILogin
0x00000001a2a7a000 	/System/Library/PrivateFrameworks/OctagonTrust.framework/Versions/A/OctagonTrust
0x00000001fa7cc000 	/System/Library/PrivateFrameworks/CoreUtilsExtras.framework/Versions/A/CoreUtilsExtras
0x00000001a25e9000 	/System/Library/Frameworks/CoreBluetooth.framework/Versions/A/CoreBluetooth
0x00000001a52c2000 	/System/Library/Frameworks/AudioUnit.framework/Versions/A/AudioUnit
0x000000019c094000 	/usr/lib/libMatch.1.dylib
0x00000001b48bd000 	/System/Library/Frameworks/Accelerate.framework/Versions/A/Frameworks/vImage.framework/Versions/A/Libraries/libCGInterfaces.dylib
0x0000000127fe4000 	/usr/lib/libobjc-trampolines.dylib
0x0000000197e3f000 	/System/Library/PrivateFrameworks/ViewBridge.framework/Versions/A/ViewBridge
0x000000019c7e5000 	/System/Library/PrivateFrameworks/login.framework/Versions/A/login
0x00000001335bc000 	/Users/finnkiesinger/.openjfx/cache/17.0.1/libjavafx_font.dylib
0x000000020dd94000 	/usr/lib/libRosetta.dylib
0x00000001a1b09000 	/System/Library/PrivateFrameworks/SystemAdministration.framework/Versions/A/SystemAdministration
0x000000019d2fb000 	/System/Library/Frameworks/MediaToolbox.framework/Versions/A/MediaToolbox
0x00000001a13f7000 	/System/Library/Frameworks/DirectoryService.framework/Versions/A/DirectoryService
0x00000001a4ad8000 	/System/Library/PrivateFrameworks/DiskImages.framework/Versions/A/DiskImages
0x000000019ab9b000 	/System/Library/Frameworks/ServiceManagement.framework/Versions/A/ServiceManagement
0x00000001a4cbe000 	/System/Library/PrivateFrameworks/LoginUIKit.framework/Versions/A/Frameworks/LoginUICore.framework/Versions/A/LoginUICore
0x000000019c99b000 	/usr/lib/libodfde.dylib
0x00000001a289f000 	/System/Library/PrivateFrameworks/CoreAVCHD.framework/Versions/A/CoreAVCHD
0x00000001a1acb000 	/System/Library/Frameworks/MediaAccessibility.framework/Versions/A/MediaAccessibility
0x00000001a289b000 	/System/Library/PrivateFrameworks/Mangrove.framework/Versions/A/Mangrove
0x00000001a1ad8000 	/System/Library/PrivateFrameworks/AlgosScoreFramework.framework/Versions/A/AlgosScoreFramework
0x00000001f7aac000 	/System/Library/PrivateFrameworks/CMPhoto.framework/Versions/A/CMPhoto
0x00000001a288f000 	/System/Library/PrivateFrameworks/CoreAUC.framework/Versions/A/CoreAUC
0x00000001a4c57000 	/usr/lib/libcurl.4.dylib
0x00000001a49ad000 	/usr/lib/libcrypto.44.dylib
0x00000001a4aab000 	/usr/lib/libssl.46.dylib
0x00000001a496f000 	/System/Library/Frameworks/LDAP.framework/Versions/A/LDAP
0x00000001a49ab000 	/System/Library/PrivateFrameworks/TrustEvaluationAgent.framework/Versions/A/TrustEvaluationAgent
0x000000019e265000 	/usr/lib/libsasl2.2.dylib
0x00000001a1afe000 	/System/Library/PrivateFrameworks/CoreDaemon.framework/Versions/B/CoreDaemon
0x00000001a1af8000 	/System/Library/PrivateFrameworks/AppleSRP.framework/Versions/A/AppleSRP


VM Arguments:
jvm_args: -javaagent:/Applications/IntelliJ IDEA.app/Contents/lib/idea_rt.jar=57022:/Applications/IntelliJ IDEA.app/Contents/bin -Dfile.encoding=UTF-8 --module-path=/Users/finnkiesinger/.m2/repository/org/openjfx/javafx-graphics/17.0.1/javafx-graphics-17.0.1-mac-aarch64.jar:/Users/finnkiesinger/blokus-client/target/classes:/Users/finnkiesinger/.m2/repository/org/openjfx/javafx-controls/17.0.1/javafx-controls-17.0.1-mac-aarch64.jar:/Users/finnkiesinger/.m2/repository/org/openjfx/javafx-fxml/17.0.1/javafx-fxml-17.0.1-mac-aarch64.jar:/Users/finnkiesinger/.m2/repository/org/openjfx/javafx-base/17.0.1/javafx-base-17.0.1-mac-aarch64.jar -Djdk.module.main=com.blokusgang.anybloksclient
java_command: com.blokusgang.anybloksclient/com.blokusgang.anybloksclient.AnybloksApplication
java_class_path (initial): /Users/finnkiesinger/.m2/repository/org/openjfx/javafx-controls/17.0.1/javafx-controls-17.0.1.jar:/Users/finnkiesinger/.m2/repository/org/openjfx/javafx-graphics/17.0.1/javafx-graphics-17.0.1.jar:/Users/finnkiesinger/.m2/repository/org/openjfx/javafx-base/17.0.1/javafx-base-17.0.1.jar:/Users/finnkiesinger/.m2/repository/org/openjfx/javafx-fxml/17.0.1/javafx-fxml-17.0.1.jar
Launcher Type: SUN_STANDARD

[Global flags]
     intx CICompilerCount                          = 4                                         {product} {ergonomic}
     uint ConcGCThreads                            = 2                                         {product} {ergonomic}
     uint G1ConcRefinementThreads                  = 8                                         {product} {ergonomic}
   size_t G1HeapRegionSize                         = 2097152                                   {product} {ergonomic}
    uintx GCDrainStackTargetSize                   = 64                                        {product} {ergonomic}
   size_t InitialHeapSize                          = 268435456                                 {product} {ergonomic}
   size_t MarkStackSize                            = 4194304                                   {product} {ergonomic}
   size_t MaxHeapSize                              = 4294967296                                {product} {ergonomic}
   size_t MaxNewSize                               = 2575302656                                {product} {ergonomic}
   size_t MinHeapDeltaBytes                        = 2097152                                   {product} {ergonomic}
   size_t MinHeapSize                              = 8388608                                   {product} {ergonomic}
    uintx NonNMethodCodeHeapSize                   = 5839564                                {pd product} {ergonomic}
    uintx NonProfiledCodeHeapSize                  = 122909338                              {pd product} {ergonomic}
    uintx ProfiledCodeHeapSize                     = 122909338                              {pd product} {ergonomic}
    uintx ReservedCodeCacheSize                    = 251658240                              {pd product} {ergonomic}
     bool SegmentedCodeCache                       = true                                      {product} {ergonomic}
   size_t SoftMaxHeapSize                          = 4294967296                             {manageable} {ergonomic}
     bool UseCompressedClassPointers               = true                           {product lp64_product} {ergonomic}
     bool UseCompressedOops                        = true                           {product lp64_product} {ergonomic}
     bool UseG1GC                                  = true                                      {product} {ergonomic}
     bool UseNUMA                                  = false                                     {product} {ergonomic}
     bool UseNUMAInterleaving                      = false                                     {product} {ergonomic}

Logging:
Log output configuration:
 #0: stdout all=warning uptime,level,tags
 #1: stderr all=off uptime,level,tags

Environment Variables:
PATH=/Users/finnkiesinger/opt/anaconda3/bin:/Users/finnkiesinger/opt/anaconda3/condabin:/opt/homebrew/opt/openjdk/bin:/opt/homebrew/bin:/usr/local/bin:/usr/bin:/bin:/usr/sbin:/sbin:/Users/finnkiesinger/flutter/bin:/Users/finnkiesinger/.pub-cache/bin
SHELL=/bin/zsh
LC_CTYPE=en_US.UTF-8

Signal Handlers:
   SIGSEGV: _ZL13crash_handleriP9__siginfoPv in libjvm.dylib, mask=11100110000111110111111111111111, flags=SA_RESTART|SA_SIGINFO
    SIGBUS: _ZL13crash_handleriP9__siginfoPv in libjvm.dylib, mask=11100110000111110111111111111111, flags=SA_RESTART|SA_SIGINFO
    SIGFPE: _ZL13crash_handleriP9__siginfoPv in libjvm.dylib, mask=11100110000111110111111111111111, flags=SA_RESTART|SA_SIGINFO
   SIGPIPE: _ZL17javaSignalHandleriP9__siginfoPv in libjvm.dylib, mask=11100110000111110111111111111111, flags=SA_RESTART|SA_SIGINFO
   SIGXFSZ: _ZL17javaSignalHandleriP9__siginfoPv in libjvm.dylib, mask=11100110000111110111111111111111, flags=SA_RESTART|SA_SIGINFO
    SIGILL: _ZL13crash_handleriP9__siginfoPv in libjvm.dylib, mask=11100110000111110111111111111111, flags=SA_RESTART|SA_SIGINFO
   SIGUSR2: _ZL10SR_handleriP9__siginfoP17__darwin_ucontext in libjvm.dylib, mask=00100000000000000000000000000000, flags=SA_RESTART|SA_SIGINFO
    SIGHUP: _ZL11UserHandleriPvS_ in libjvm.dylib, mask=11100110000111110111111111111111, flags=SA_RESTART|SA_SIGINFO
    SIGINT: _ZL11UserHandleriPvS_ in libjvm.dylib, mask=11100110000111110111111111111111, flags=SA_RESTART|SA_SIGINFO
   SIGTERM: _ZL11UserHandleriPvS_ in libjvm.dylib, mask=11100110000111110111111111111111, flags=SA_RESTART|SA_SIGINFO
   SIGQUIT: _ZL11UserHandleriPvS_ in libjvm.dylib, mask=11100110000111110111111111111111, flags=SA_RESTART|SA_SIGINFO
   SIGTRAP: _ZL13crash_handleriP9__siginfoPv in libjvm.dylib, mask=11100110000111110111111111111111, flags=SA_RESTART|SA_SIGINFO


---------------  S Y S T E M  ---------------

OS:
uname: Darwin 21.2.0 Darwin Kernel Version 21.2.0: Sun Nov 28 20:29:10 PST 2021; root:xnu-8019.61.5~1/RELEASE_ARM64_T8101 arm64
OS uptime: 0 days 22:57 hours
rlimit (soft/hard): STACK 8176k/65520k , CORE 0k/infinity , NPROC 2666/4000 , NOFILE 10240/infinity , AS infinity/infinity , CPU infinity/infinity , DATA infinity/infinity , FSIZE infinity/infinity , MEMLOCK infinity/infinity , RSS infinity/infinity
load average: 1.48 1.63 1.59

CPU: total 8 (initial active 8) 0x61:0x0:0x1b588bb3:0, fp, simd, crc, lse

Memory: 16k page, physical 16777216k(77808k free), swap 1048576k(1036800k free)

vm_info: OpenJDK 64-Bit Server VM (17+0) for bsd-aarch64 JRE (17+0), built on Sep 16 2021 10:05:54 by "brew" with clang Apple LLVM 12.0.5 (clang-1205.0.22.9)

END.
